<?xml version="1.0" encoding="UTF-8"?>
<testng-results skipped="1" failed="15" ignored="0" total="52" passed="36">
  <reporter-output>
  </reporter-output>
  <suite name="Suite" duration-ms="1977882" started-at="2023-05-24T18:33:31 IST" finished-at="2023-05-24T19:06:28 IST">
    <groups>
    </groups>
    <test name="Test" duration-ms="1977882" started-at="2023-05-24T18:33:31 IST" finished-at="2023-05-24T19:06:28 IST">
      <class name="testcases.Testcase_collapsemul2">
        <test-method status="PASS" signature="setup()[pri:0, instance:testcases.Testcase_collapsemul2@70a3d8]" name="setup" is-config="true" duration-ms="10383" started-at="2023-05-24T18:42:00 IST" finished-at="2023-05-24T18:42:10 IST">
          <reporter-output>
          </reporter-output>
        </test-method> <!-- setup -->
        <test-method status="PASS" signature="collapsablemultiple()[pri:0, instance:testcases.Testcase_collapsemul2@70a3d8]" name="collapsablemultiple" duration-ms="33118" started-at="2023-05-24T18:42:10 IST" finished-at="2023-05-24T18:42:43 IST">
          <reporter-output>
          </reporter-output>
        </test-method> <!-- collapsablemultiple -->
        <test-method status="PASS" signature="exit()[pri:0, instance:testcases.Testcase_collapsemul2@70a3d8]" name="exit" is-config="true" duration-ms="2134" started-at="2023-05-24T18:42:43 IST" finished-at="2023-05-24T18:42:45 IST">
          <reporter-output>
          </reporter-output>
        </test-method> <!-- exit -->
      </class> <!-- testcases.Testcase_collapsemul2 -->
      <class name="testcases.Testcase_popup2">
        <test-method status="PASS" signature="setup()[pri:0, instance:testcases.Testcase_popup2@5185bd]" name="setup" is-config="true" duration-ms="33998" started-at="2023-05-24T18:43:57 IST" finished-at="2023-05-24T18:44:31 IST">
          <reporter-output>
          </reporter-output>
        </test-method> <!-- setup -->
        <test-method status="PASS" signature="validateAlert()[pri:0, instance:testcases.Testcase_popup2@5185bd]" name="validateAlert" duration-ms="51644" started-at="2023-05-24T18:44:31 IST" finished-at="2023-05-24T18:45:23 IST">
          <reporter-output>
          </reporter-output>
        </test-method> <!-- validateAlert -->
        <test-method status="PASS" signature="exit()[pri:0, instance:testcases.Testcase_popup2@5185bd]" name="exit" is-config="true" duration-ms="1006" started-at="2023-05-24T18:45:23 IST" finished-at="2023-05-24T18:45:24 IST">
          <reporter-output>
          </reporter-output>
        </test-method> <!-- exit -->
      </class> <!-- testcases.Testcase_popup2 -->
      <class name="testcases.Testcase_search6">
        <test-method status="PASS" signature="setup()[pri:0, instance:testcases.Testcase_search6@1fe1d71]" name="setup" is-config="true" duration-ms="15658" started-at="2023-05-24T18:36:37 IST" finished-at="2023-05-24T18:36:52 IST">
          <reporter-output>
          </reporter-output>
        </test-method> <!-- setup -->
        <test-method status="PASS" signature="ValidationPagination()[pri:0, instance:testcases.Testcase_search6@1fe1d71]" name="ValidationPagination" duration-ms="277707" started-at="2023-05-24T18:36:52 IST" finished-at="2023-05-24T18:41:30 IST">
          <reporter-output>
          </reporter-output>
        </test-method> <!-- ValidationPagination -->
        <test-method status="PASS" signature="exit()[pri:0, instance:testcases.Testcase_search6@1fe1d71]" name="exit" is-config="true" duration-ms="1982" started-at="2023-05-24T18:41:30 IST" finished-at="2023-05-24T18:41:32 IST">
          <reporter-output>
          </reporter-output>
        </test-method> <!-- exit -->
      </class> <!-- testcases.Testcase_search6 -->
      <class name="testcases.Testcase_popup3">
        <test-method status="PASS" signature="setup()[pri:0, instance:testcases.Testcase_popup3@bf3d14]" name="setup" is-config="true" duration-ms="20791" started-at="2023-05-24T18:48:15 IST" finished-at="2023-05-24T18:48:36 IST">
          <reporter-output>
          </reporter-output>
        </test-method> <!-- setup -->
        <test-method status="PASS" signature="validateAllLinkspopup()[pri:0, instance:testcases.Testcase_popup3@bf3d14]" name="validateAllLinkspopup" duration-ms="30061" started-at="2023-05-24T18:48:36 IST" finished-at="2023-05-24T18:49:06 IST">
          <reporter-output>
          </reporter-output>
        </test-method> <!-- validateAllLinkspopup -->
        <test-method status="PASS" signature="exit()[pri:0, instance:testcases.Testcase_popup3@bf3d14]" name="exit" is-config="true" duration-ms="4594" started-at="2023-05-24T18:49:06 IST" finished-at="2023-05-24T18:49:10 IST">
          <reporter-output>
          </reporter-output>
        </test-method> <!-- exit -->
      </class> <!-- testcases.Testcase_popup3 -->
      <class name="testcases.Testcase_search5">
        <test-method status="PASS" signature="setup()[pri:0, instance:testcases.Testcase_search5@a10858]" name="setup" is-config="true" duration-ms="19506" started-at="2023-05-24T18:50:15 IST" finished-at="2023-05-24T18:50:34 IST">
          <reporter-output>
          </reporter-output>
        </test-method> <!-- setup -->
        <test-method status="PASS" signature="validateClearButton()[pri:0, instance:testcases.Testcase_search5@a10858]" name="validateClearButton" duration-ms="38570" started-at="2023-05-24T18:50:34 IST" finished-at="2023-05-24T18:51:13 IST">
          <reporter-output>
          </reporter-output>
        </test-method> <!-- validateClearButton -->
        <test-method status="PASS" signature="exit()[pri:0, instance:testcases.Testcase_search5@a10858]" name="exit" is-config="true" duration-ms="1561" started-at="2023-05-24T18:51:13 IST" finished-at="2023-05-24T18:51:14 IST">
          <reporter-output>
          </reporter-output>
        </test-method> <!-- exit -->
      </class> <!-- testcases.Testcase_search5 -->
      <class name="testcases.Testcase_search4">
        <test-method status="PASS" signature="setup()[pri:0, instance:testcases.Testcase_search4@e24743]" name="setup" is-config="true" duration-ms="44913" started-at="2023-05-24T18:58:47 IST" finished-at="2023-05-24T18:59:32 IST">
          <reporter-output>
          </reporter-output>
        </test-method> <!-- setup -->
        <test-method status="PASS" signature="validatingAddEmploye()[pri:0, instance:testcases.Testcase_search4@e24743]" name="validatingAddEmploye" duration-ms="34156" started-at="2023-05-24T18:59:32 IST" finished-at="2023-05-24T19:00:06 IST">
          <reporter-output>
          </reporter-output>
        </test-method> <!-- validatingAddEmploye -->
        <test-method status="PASS" signature="exit()[pri:0, instance:testcases.Testcase_search4@e24743]" name="exit" is-config="true" duration-ms="12710" started-at="2023-05-24T19:00:06 IST" finished-at="2023-05-24T19:00:19 IST">
          <reporter-output>
          </reporter-output>
        </test-method> <!-- exit -->
      </class> <!-- testcases.Testcase_search4 -->
      <class name="testcases.Testcase_popup1">
        <test-method status="PASS" signature="setup()[pri:0, instance:testcases.Testcase_popup1@e6aa2]" name="setup" is-config="true" duration-ms="105181" started-at="2023-05-24T18:52:56 IST" finished-at="2023-05-24T18:54:41 IST">
          <reporter-output>
          </reporter-output>
        </test-method> <!-- setup -->
        <test-method status="FAIL" signature="validatePop()[pri:0, instance:testcases.Testcase_popup1@e6aa2]" name="validatePop" duration-ms="48889" started-at="2023-05-24T18:54:41 IST" finished-at="2023-05-24T18:55:30 IST">
          <exception class="org.openqa.selenium.NoSuchElementException">
            <message>
              <![CDATA[no such element: Unable to locate element: {"method":"xpath","selector":"//body[1]/div[2]/aside[1]/section[1]/ul[1]/li[3]/ul[1]/li[8]/a[1]"}
  (Session info: chrome=109.0.5414.120)
For documentation on this error, please visit: https://selenium.dev/exceptions/#no_such_element
Build info: version: '4.7.2', revision: '4d4020c3b7'
System info: os.name: 'Windows 7', os.arch: 'x86', os.version: '6.1', java.version: '1.8.0_211'
Driver info: org.openqa.selenium.chrome.ChromeDriver
Command: [e3b8d0c1af0981eb3dd21c09aeec4cf9, findElement {using=xpath, value=//body[1]/div[2]/aside[1]/section[1]/ul[1]/li[3]/ul[1]/li[8]/a[1]}]
Capabilities {acceptInsecureCerts: false, browserName: chrome, browserVersion: 109.0.5414.120, chrome: {chromedriverVersion: 109.0.5414.74 (e7c5703604da..., userDataDir: C:\Users\ritzz\AppData\Loca...}, goog:chromeOptions: {debuggerAddress: localhost:51640}, networkConnectionEnabled: false, pageLoadStrategy: normal, platformName: WINDOWS, proxy: Proxy(), se:cdp: ws://localhost:51640/devtoo..., se:cdpVersion: 109.0.5414.120, setWindowRect: true, strictFileInteractability: false, timeouts: {implicit: 0, pageLoad: 300000, script: 30000}, unhandledPromptBehavior: dismiss and notify, webauthn:extension:credBlob: true, webauthn:extension:largeBlob: true, webauthn:virtualAuthenticators: true}
Session ID: e3b8d0c1af0981eb3dd21c09aeec4cf9]]>
            </message>
            <full-stacktrace>
              <![CDATA[org.openqa.selenium.NoSuchElementException: no such element: Unable to locate element: {"method":"xpath","selector":"//body[1]/div[2]/aside[1]/section[1]/ul[1]/li[3]/ul[1]/li[8]/a[1]"}
  (Session info: chrome=109.0.5414.120)
For documentation on this error, please visit: https://selenium.dev/exceptions/#no_such_element
Build info: version: '4.7.2', revision: '4d4020c3b7'
System info: os.name: 'Windows 7', os.arch: 'x86', os.version: '6.1', java.version: '1.8.0_211'
Driver info: org.openqa.selenium.chrome.ChromeDriver
Command: [e3b8d0c1af0981eb3dd21c09aeec4cf9, findElement {using=xpath, value=//body[1]/div[2]/aside[1]/section[1]/ul[1]/li[3]/ul[1]/li[8]/a[1]}]
Capabilities {acceptInsecureCerts: false, browserName: chrome, browserVersion: 109.0.5414.120, chrome: {chromedriverVersion: 109.0.5414.74 (e7c5703604da..., userDataDir: C:\Users\ritzz\AppData\Loca...}, goog:chromeOptions: {debuggerAddress: localhost:51640}, networkConnectionEnabled: false, pageLoadStrategy: normal, platformName: WINDOWS, proxy: Proxy(), se:cdp: ws://localhost:51640/devtoo..., se:cdpVersion: 109.0.5414.120, setWindowRect: true, strictFileInteractability: false, timeouts: {implicit: 0, pageLoad: 300000, script: 30000}, unhandledPromptBehavior: dismiss and notify, webauthn:extension:credBlob: true, webauthn:extension:largeBlob: true, webauthn:virtualAuthenticators: true}
Session ID: e3b8d0c1af0981eb3dd21c09aeec4cf9
at sun.reflect.NativeConstructorAccessorImpl.newInstance0(Native Method)
at sun.reflect.NativeConstructorAccessorImpl.newInstance(NativeConstructorAccessorImpl.java:62)
at sun.reflect.DelegatingConstructorAccessorImpl.newInstance(DelegatingConstructorAccessorImpl.java:45)
at java.lang.reflect.Constructor.newInstance(Constructor.java:423)
at org.openqa.selenium.remote.codec.w3c.W3CHttpResponseCodec.createException(W3CHttpResponseCodec.java:200)
at org.openqa.selenium.remote.codec.w3c.W3CHttpResponseCodec.decode(W3CHttpResponseCodec.java:133)
at org.openqa.selenium.remote.codec.w3c.W3CHttpResponseCodec.decode(W3CHttpResponseCodec.java:53)
at org.openqa.selenium.remote.HttpCommandExecutor.execute(HttpCommandExecutor.java:184)
at org.openqa.selenium.remote.service.DriverCommandExecutor.invokeExecute(DriverCommandExecutor.java:167)
at org.openqa.selenium.remote.service.DriverCommandExecutor.execute(DriverCommandExecutor.java:142)
at org.openqa.selenium.remote.RemoteWebDriver.execute(RemoteWebDriver.java:535)
at org.openqa.selenium.remote.ElementLocation$ElementFinder$2.findElement(ElementLocation.java:162)
at org.openqa.selenium.remote.ElementLocation.findElement(ElementLocation.java:60)
at org.openqa.selenium.remote.RemoteWebDriver.findElement(RemoteWebDriver.java:351)
at org.openqa.selenium.remote.RemoteWebDriver.findElement(RemoteWebDriver.java:343)
at org.openqa.selenium.support.pagefactory.DefaultElementLocator.findElement(DefaultElementLocator.java:70)
at org.openqa.selenium.support.pagefactory.internal.LocatingElementHandler.invoke(LocatingElementHandler.java:39)
at com.sun.proxy.$Proxy16.click(Unknown Source)
at pageobject.PopUpPage.popUpButton(PopUpPage.java:109)
at testcases.Testcase_popup1.validatePop(Testcase_popup1.java:24)
at sun.reflect.NativeMethodAccessorImpl.invoke0(Native Method)
at sun.reflect.NativeMethodAccessorImpl.invoke(NativeMethodAccessorImpl.java:62)
at sun.reflect.DelegatingMethodAccessorImpl.invoke(DelegatingMethodAccessorImpl.java:43)
at java.lang.reflect.Method.invoke(Method.java:498)
at org.testng.internal.MethodInvocationHelper.invokeMethod(MethodInvocationHelper.java:133)
at org.testng.internal.TestInvoker.invokeMethod(TestInvoker.java:598)
at org.testng.internal.TestInvoker.invokeTestMethod(TestInvoker.java:173)
at org.testng.internal.MethodRunner.runInSequence(MethodRunner.java:46)
at org.testng.internal.TestInvoker$MethodInvocationAgent.invoke(TestInvoker.java:824)
at org.testng.internal.TestInvoker.invokeTestMethods(TestInvoker.java:146)
at org.testng.internal.TestMethodWorker.invokeTestMethods(TestMethodWorker.java:146)
at org.testng.internal.TestMethodWorker.run(TestMethodWorker.java:128)
at java.util.concurrent.ThreadPoolExecutor.runWorker(ThreadPoolExecutor.java:1149)
at java.util.concurrent.ThreadPoolExecutor$Worker.run(ThreadPoolExecutor.java:624)
at java.lang.Thread.run(Thread.java:748)
]]>
            </full-stacktrace>
          </exception> <!-- org.openqa.selenium.NoSuchElementException -->
          <reporter-output>
          </reporter-output>
        </test-method> <!-- validatePop -->
        <test-method status="PASS" signature="exit()[pri:0, instance:testcases.Testcase_popup1@e6aa2]" name="exit" is-config="true" duration-ms="9020" started-at="2023-05-24T18:55:32 IST" finished-at="2023-05-24T18:55:41 IST">
          <reporter-output>
          </reporter-output>
        </test-method> <!-- exit -->
      </class> <!-- testcases.Testcase_popup1 -->
      <class name="testcases.TestCase_link01">
        <test-method status="PASS" signature="setup()[pri:0, instance:testcases.TestCase_link01@16e2f39]" name="setup" is-config="true" duration-ms="35094" started-at="2023-05-24T18:51:14 IST" finished-at="2023-05-24T18:51:49 IST">
          <reporter-output>
          </reporter-output>
        </test-method> <!-- setup -->
        <test-method status="FAIL" signature="validateLinks()[pri:0, instance:testcases.TestCase_link01@16e2f39]" name="validateLinks" duration-ms="220602" started-at="2023-05-24T18:51:49 IST" finished-at="2023-05-24T18:55:30 IST">
          <exception class="org.openqa.selenium.TimeoutException">
            <message>
              <![CDATA[java.util.concurrent.TimeoutException
Build info: version: '4.7.2', revision: '4d4020c3b7'
System info: os.name: 'Windows 7', os.arch: 'x86', os.version: '6.1', java.version: '1.8.0_211'
Driver info: org.openqa.selenium.chrome.ChromeDriver
Command: [6714d03202e5bbb5958ba0da1a5fab58, getWindowHandles {}]
Capabilities {acceptInsecureCerts: false, browserName: chrome, browserVersion: 109.0.5414.120, chrome: {chromedriverVersion: 109.0.5414.74 (e7c5703604da..., userDataDir: C:\Users\ritzz\AppData\Loca...}, goog:chromeOptions: {debuggerAddress: localhost:51516}, networkConnectionEnabled: false, pageLoadStrategy: normal, platformName: WINDOWS, proxy: Proxy(), se:cdp: ws://localhost:51516/devtoo..., se:cdpVersion: 109.0.5414.120, setWindowRect: true, strictFileInteractability: false, timeouts: {implicit: 0, pageLoad: 300000, script: 30000}, unhandledPromptBehavior: dismiss and notify, webauthn:extension:credBlob: true, webauthn:extension:largeBlob: true, webauthn:virtualAuthenticators: true}
Session ID: 6714d03202e5bbb5958ba0da1a5fab58]]>
            </message>
            <full-stacktrace>
              <![CDATA[org.openqa.selenium.TimeoutException: java.util.concurrent.TimeoutException
Build info: version: '4.7.2', revision: '4d4020c3b7'
System info: os.name: 'Windows 7', os.arch: 'x86', os.version: '6.1', java.version: '1.8.0_211'
Driver info: org.openqa.selenium.chrome.ChromeDriver
Command: [6714d03202e5bbb5958ba0da1a5fab58, getWindowHandles {}]
Capabilities {acceptInsecureCerts: false, browserName: chrome, browserVersion: 109.0.5414.120, chrome: {chromedriverVersion: 109.0.5414.74 (e7c5703604da..., userDataDir: C:\Users\ritzz\AppData\Loca...}, goog:chromeOptions: {debuggerAddress: localhost:51516}, networkConnectionEnabled: false, pageLoadStrategy: normal, platformName: WINDOWS, proxy: Proxy(), se:cdp: ws://localhost:51516/devtoo..., se:cdpVersion: 109.0.5414.120, setWindowRect: true, strictFileInteractability: false, timeouts: {implicit: 0, pageLoad: 300000, script: 30000}, unhandledPromptBehavior: dismiss and notify, webauthn:extension:credBlob: true, webauthn:extension:largeBlob: true, webauthn:virtualAuthenticators: true}
Session ID: 6714d03202e5bbb5958ba0da1a5fab58
at org.openqa.selenium.remote.http.netty.NettyHttpHandler.makeCall(NettyHttpHandler.java:65)
at org.openqa.selenium.remote.http.AddSeleniumUserAgent.lambda$apply$0(AddSeleniumUserAgent.java:42)
at org.openqa.selenium.remote.http.Filter.lambda$andFinally$1(Filter.java:56)
at org.openqa.selenium.remote.http.netty.NettyHttpHandler.execute(NettyHttpHandler.java:49)
at org.openqa.selenium.remote.http.AddSeleniumUserAgent.lambda$apply$0(AddSeleniumUserAgent.java:42)
at org.openqa.selenium.remote.http.Filter.lambda$andFinally$1(Filter.java:56)
at org.openqa.selenium.remote.http.netty.NettyClient.execute(NettyClient.java:99)
at org.openqa.selenium.remote.HttpCommandExecutor.execute(HttpCommandExecutor.java:181)
at org.openqa.selenium.remote.service.DriverCommandExecutor.invokeExecute(DriverCommandExecutor.java:167)
at org.openqa.selenium.remote.service.DriverCommandExecutor.execute(DriverCommandExecutor.java:142)
at org.openqa.selenium.remote.RemoteWebDriver.execute(RemoteWebDriver.java:535)
at org.openqa.selenium.remote.RemoteWebDriver.execute(RemoteWebDriver.java:590)
at org.openqa.selenium.remote.RemoteWebDriver.execute(RemoteWebDriver.java:594)
at org.openqa.selenium.remote.RemoteWebDriver.getWindowHandles(RemoteWebDriver.java:446)
at pageobject.LinkPage.link1(LinkPage.java:130)
at testcases.TestCase_link01.validateLinks(TestCase_link01.java:30)
at sun.reflect.NativeMethodAccessorImpl.invoke0(Native Method)
at sun.reflect.NativeMethodAccessorImpl.invoke(NativeMethodAccessorImpl.java:62)
at sun.reflect.DelegatingMethodAccessorImpl.invoke(DelegatingMethodAccessorImpl.java:43)
at java.lang.reflect.Method.invoke(Method.java:498)
at org.testng.internal.MethodInvocationHelper.invokeMethod(MethodInvocationHelper.java:133)
at org.testng.internal.TestInvoker.invokeMethod(TestInvoker.java:598)
at org.testng.internal.TestInvoker.invokeTestMethod(TestInvoker.java:173)
at org.testng.internal.MethodRunner.runInSequence(MethodRunner.java:46)
at org.testng.internal.TestInvoker$MethodInvocationAgent.invoke(TestInvoker.java:824)
at org.testng.internal.TestInvoker.invokeTestMethods(TestInvoker.java:146)
at org.testng.internal.TestMethodWorker.invokeTestMethods(TestMethodWorker.java:146)
at org.testng.internal.TestMethodWorker.run(TestMethodWorker.java:128)
at java.util.concurrent.ThreadPoolExecutor.runWorker(ThreadPoolExecutor.java:1149)
at java.util.concurrent.ThreadPoolExecutor$Worker.run(ThreadPoolExecutor.java:624)
at java.lang.Thread.run(Thread.java:748)
Caused by: java.util.concurrent.TimeoutException
at java.util.concurrent.CompletableFuture.timedGet(CompletableFuture.java:1771)
at java.util.concurrent.CompletableFuture.get(CompletableFuture.java:1915)
at org.asynchttpclient.netty.NettyResponseFuture.get(NettyResponseFuture.java:206)
at org.openqa.selenium.remote.http.netty.NettyHttpHandler.makeCall(NettyHttpHandler.java:59)
... 30 more
]]>
            </full-stacktrace>
          </exception> <!-- org.openqa.selenium.TimeoutException -->
          <reporter-output>
          </reporter-output>
        </test-method> <!-- validateLinks -->
        <test-method status="PASS" signature="exit()[pri:0, instance:testcases.TestCase_link01@16e2f39]" name="exit" is-config="true" duration-ms="91950" started-at="2023-05-24T18:55:32 IST" finished-at="2023-05-24T18:57:04 IST">
          <reporter-output>
          </reporter-output>
        </test-method> <!-- exit -->
      </class> <!-- testcases.TestCase_link01 -->
      <class name="testcases.Testcase_Menu7">
        <test-method status="PASS" signature="setup()[pri:0, instance:testcases.Testcase_Menu7@1738a82]" name="setup" is-config="true" duration-ms="60057" started-at="2023-05-24T19:00:11 IST" finished-at="2023-05-24T19:01:11 IST">
          <reporter-output>
          </reporter-output>
        </test-method> <!-- setup -->
        <test-method status="FAIL" signature="validatingTestSubmenu1()[pri:0, instance:testcases.Testcase_Menu7@1738a82]" name="validatingTestSubmenu1" duration-ms="42471" started-at="2023-05-24T19:01:11 IST" finished-at="2023-05-24T19:01:54 IST">
          <exception class="org.openqa.selenium.ElementNotInteractableException">
            <message>
              <![CDATA[element not interactable: https://magnus.jalatechnologies.com/Home/Menu# has no size and location
  (Session info: chrome=109.0.5414.120)
Build info: version: '4.7.2', revision: '4d4020c3b7'
System info: os.name: 'Windows 7', os.arch: 'x86', os.version: '6.1', java.version: '1.8.0_211'
Driver info: org.openqa.selenium.chrome.ChromeDriver
Command: [6819fbc6b362aa4ca142c1abac491e91, actions {actions=[org.openqa.selenium.interactions.Sequence@1c31b2e]}]
Capabilities {acceptInsecureCerts: false, browserName: chrome, browserVersion: 109.0.5414.120, chrome: {chromedriverVersion: 109.0.5414.74 (e7c5703604da..., userDataDir: C:\Users\ritzz\AppData\Loca...}, goog:chromeOptions: {debuggerAddress: localhost:52092}, networkConnectionEnabled: false, pageLoadStrategy: normal, platformName: WINDOWS, proxy: Proxy(), se:cdp: ws://localhost:52092/devtoo..., se:cdpVersion: 109.0.5414.120, setWindowRect: true, strictFileInteractability: false, timeouts: {implicit: 0, pageLoad: 300000, script: 30000}, unhandledPromptBehavior: dismiss and notify, webauthn:extension:credBlob: true, webauthn:extension:largeBlob: true, webauthn:virtualAuthenticators: true}
Session ID: 6819fbc6b362aa4ca142c1abac491e91]]>
            </message>
            <full-stacktrace>
              <![CDATA[org.openqa.selenium.ElementNotInteractableException: element not interactable: https://magnus.jalatechnologies.com/Home/Menu# has no size and location
  (Session info: chrome=109.0.5414.120)
Build info: version: '4.7.2', revision: '4d4020c3b7'
System info: os.name: 'Windows 7', os.arch: 'x86', os.version: '6.1', java.version: '1.8.0_211'
Driver info: org.openqa.selenium.chrome.ChromeDriver
Command: [6819fbc6b362aa4ca142c1abac491e91, actions {actions=[org.openqa.selenium.interactions.Sequence@1c31b2e]}]
Capabilities {acceptInsecureCerts: false, browserName: chrome, browserVersion: 109.0.5414.120, chrome: {chromedriverVersion: 109.0.5414.74 (e7c5703604da..., userDataDir: C:\Users\ritzz\AppData\Loca...}, goog:chromeOptions: {debuggerAddress: localhost:52092}, networkConnectionEnabled: false, pageLoadStrategy: normal, platformName: WINDOWS, proxy: Proxy(), se:cdp: ws://localhost:52092/devtoo..., se:cdpVersion: 109.0.5414.120, setWindowRect: true, strictFileInteractability: false, timeouts: {implicit: 0, pageLoad: 300000, script: 30000}, unhandledPromptBehavior: dismiss and notify, webauthn:extension:credBlob: true, webauthn:extension:largeBlob: true, webauthn:virtualAuthenticators: true}
Session ID: 6819fbc6b362aa4ca142c1abac491e91
at sun.reflect.NativeConstructorAccessorImpl.newInstance0(Native Method)
at sun.reflect.NativeConstructorAccessorImpl.newInstance(NativeConstructorAccessorImpl.java:62)
at sun.reflect.DelegatingConstructorAccessorImpl.newInstance(DelegatingConstructorAccessorImpl.java:45)
at java.lang.reflect.Constructor.newInstance(Constructor.java:423)
at org.openqa.selenium.remote.codec.w3c.W3CHttpResponseCodec.createException(W3CHttpResponseCodec.java:200)
at org.openqa.selenium.remote.codec.w3c.W3CHttpResponseCodec.decode(W3CHttpResponseCodec.java:133)
at org.openqa.selenium.remote.codec.w3c.W3CHttpResponseCodec.decode(W3CHttpResponseCodec.java:53)
at org.openqa.selenium.remote.HttpCommandExecutor.execute(HttpCommandExecutor.java:184)
at org.openqa.selenium.remote.service.DriverCommandExecutor.invokeExecute(DriverCommandExecutor.java:167)
at org.openqa.selenium.remote.service.DriverCommandExecutor.execute(DriverCommandExecutor.java:142)
at org.openqa.selenium.remote.RemoteWebDriver.execute(RemoteWebDriver.java:535)
at org.openqa.selenium.remote.RemoteWebDriver.perform(RemoteWebDriver.java:603)
at org.openqa.selenium.interactions.Actions$BuiltAction.perform(Actions.java:567)
at pageobject.MenuPage.aspdotnet(MenuPage.java:284)
at testcases.Testcase_Menu7.validatingTestSubmenu1(Testcase_Menu7.java:34)
at sun.reflect.NativeMethodAccessorImpl.invoke0(Native Method)
at sun.reflect.NativeMethodAccessorImpl.invoke(NativeMethodAccessorImpl.java:62)
at sun.reflect.DelegatingMethodAccessorImpl.invoke(DelegatingMethodAccessorImpl.java:43)
at java.lang.reflect.Method.invoke(Method.java:498)
at org.testng.internal.MethodInvocationHelper.invokeMethod(MethodInvocationHelper.java:133)
at org.testng.internal.TestInvoker.invokeMethod(TestInvoker.java:598)
at org.testng.internal.TestInvoker.invokeTestMethod(TestInvoker.java:173)
at org.testng.internal.MethodRunner.runInSequence(MethodRunner.java:46)
at org.testng.internal.TestInvoker$MethodInvocationAgent.invoke(TestInvoker.java:824)
at org.testng.internal.TestInvoker.invokeTestMethods(TestInvoker.java:146)
at org.testng.internal.TestMethodWorker.invokeTestMethods(TestMethodWorker.java:146)
at org.testng.internal.TestMethodWorker.run(TestMethodWorker.java:128)
at java.util.concurrent.ThreadPoolExecutor.runWorker(ThreadPoolExecutor.java:1149)
at java.util.concurrent.ThreadPoolExecutor$Worker.run(ThreadPoolExecutor.java:624)
at java.lang.Thread.run(Thread.java:748)
]]>
            </full-stacktrace>
          </exception> <!-- org.openqa.selenium.ElementNotInteractableException -->
          <reporter-output>
          </reporter-output>
        </test-method> <!-- validatingTestSubmenu1 -->
        <test-method status="PASS" signature="exit()[pri:0, instance:testcases.Testcase_Menu7@1738a82]" name="exit" is-config="true" duration-ms="2402" started-at="2023-05-24T19:01:54 IST" finished-at="2023-05-24T19:01:56 IST">
          <reporter-output>
          </reporter-output>
        </test-method> <!-- exit -->
      </class> <!-- testcases.Testcase_Menu7 -->
      <class name="testcases.TestCase_create3">
        <test-method status="PASS" signature="setup()[pri:0, instance:testcases.TestCase_create3@12d3247]" name="setup" is-config="true" duration-ms="16638" started-at="2023-05-24T19:05:39 IST" finished-at="2023-05-24T19:05:55 IST">
          <reporter-output>
          </reporter-output>
        </test-method> <!-- setup -->
        <test-method status="FAIL" signature="ValidatingWithInvalidEmail()[pri:3, instance:testcases.TestCase_create3@12d3247]" name="ValidatingWithInvalidEmail" duration-ms="31506" started-at="2023-05-24T19:05:55 IST" finished-at="2023-05-24T19:06:27 IST">
          <exception class="graphql.AssertException">
            <message>
              <![CDATA[condition expected to be true]]>
            </message>
            <full-stacktrace>
              <![CDATA[graphql.AssertException: condition expected to be true
at graphql.Assert.assertTrue(Assert.java:85)
at testcases.TestCase_create3.ValidatingWithInvalidEmail(TestCase_create3.java:53)
at sun.reflect.NativeMethodAccessorImpl.invoke0(Native Method)
at sun.reflect.NativeMethodAccessorImpl.invoke(NativeMethodAccessorImpl.java:62)
at sun.reflect.DelegatingMethodAccessorImpl.invoke(DelegatingMethodAccessorImpl.java:43)
at java.lang.reflect.Method.invoke(Method.java:498)
at org.testng.internal.MethodInvocationHelper.invokeMethod(MethodInvocationHelper.java:133)
at org.testng.internal.TestInvoker.invokeMethod(TestInvoker.java:598)
at org.testng.internal.TestInvoker.invokeTestMethod(TestInvoker.java:173)
at org.testng.internal.MethodRunner.runInSequence(MethodRunner.java:46)
at org.testng.internal.TestInvoker$MethodInvocationAgent.invoke(TestInvoker.java:824)
at org.testng.internal.TestInvoker.invokeTestMethods(TestInvoker.java:146)
at org.testng.internal.TestMethodWorker.invokeTestMethods(TestMethodWorker.java:146)
at org.testng.internal.TestMethodWorker.run(TestMethodWorker.java:128)
at java.util.concurrent.ThreadPoolExecutor.runWorker(ThreadPoolExecutor.java:1149)
at java.util.concurrent.ThreadPoolExecutor$Worker.run(ThreadPoolExecutor.java:624)
at java.lang.Thread.run(Thread.java:748)
]]>
            </full-stacktrace>
          </exception> <!-- graphql.AssertException -->
          <reporter-output>
          </reporter-output>
        </test-method> <!-- ValidatingWithInvalidEmail -->
        <test-method status="PASS" signature="exit()[pri:0, instance:testcases.TestCase_create3@12d3247]" name="exit" is-config="true" duration-ms="927" started-at="2023-05-24T19:06:27 IST" finished-at="2023-05-24T19:06:28 IST">
          <reporter-output>
          </reporter-output>
        </test-method> <!-- exit -->
      </class> <!-- testcases.TestCase_create3 -->
      <class name="testcases.Testcase_Menu1">
        <test-method status="PASS" signature="setup()[pri:0, instance:testcases.Testcase_Menu1@718207]" name="setup" is-config="true" duration-ms="29569" started-at="2023-05-24T19:01:56 IST" finished-at="2023-05-24T19:02:26 IST">
          <reporter-output>
          </reporter-output>
        </test-method> <!-- setup -->
        <test-method status="PASS" signature="validatingTesting()[pri:0, instance:testcases.Testcase_Menu1@718207]" name="validatingTesting" duration-ms="21075" started-at="2023-05-24T19:02:26 IST" finished-at="2023-05-24T19:02:47 IST">
          <reporter-output>
          </reporter-output>
        </test-method> <!-- validatingTesting -->
        <test-method status="PASS" signature="exit()[pri:0, instance:testcases.Testcase_Menu1@718207]" name="exit" is-config="true" duration-ms="3221" started-at="2023-05-24T19:02:47 IST" finished-at="2023-05-24T19:02:50 IST">
          <reporter-output>
          </reporter-output>
        </test-method> <!-- exit -->
      </class> <!-- testcases.Testcase_Menu1 -->
      <class name="testcases.TestCase_create1">
        <test-method status="PASS" signature="setup()[pri:0, instance:testcases.TestCase_create1@eca56e]" name="setup" is-config="true" duration-ms="64141" started-at="2023-05-24T18:33:32 IST" finished-at="2023-05-24T18:34:36 IST">
          <reporter-output>
          </reporter-output>
        </test-method> <!-- setup -->
        <test-method status="FAIL" signature="Reg()[pri:0, instance:testcases.TestCase_create1@eca56e]" name="Reg" duration-ms="56216" started-at="2023-05-24T18:34:36 IST" finished-at="2023-05-24T18:35:33 IST">
          <exception class="org.openqa.selenium.TimeoutException">
            <message>
              <![CDATA[Expected condition failed: waiting for visibility of element located by By.xpath: //div[contains(text(),'Employee details saved successfully')] (tried for 6 second(s) with 500 milliseconds interval)
Build info: version: '4.7.2', revision: '4d4020c3b7'
System info: os.name: 'Windows 7', os.arch: 'x86', os.version: '6.1', java.version: '1.8.0_211'
Driver info: org.openqa.selenium.chrome.ChromeDriver
Capabilities {acceptInsecureCerts: false, browserName: chrome, browserVersion: 109.0.5414.120, chrome: {chromedriverVersion: 109.0.5414.74 (e7c5703604da..., userDataDir: C:\Users\ritzz\AppData\Loca...}, goog:chromeOptions: {debuggerAddress: localhost:50088}, networkConnectionEnabled: false, pageLoadStrategy: normal, platformName: WINDOWS, proxy: Proxy(), se:cdp: ws://localhost:50088/devtoo..., se:cdpVersion: 109.0.5414.120, setWindowRect: true, strictFileInteractability: false, timeouts: {implicit: 0, pageLoad: 300000, script: 30000}, unhandledPromptBehavior: dismiss and notify, webauthn:extension:credBlob: true, webauthn:extension:largeBlob: true, webauthn:virtualAuthenticators: true}
Session ID: 9174c87c343f093a3af80a7660137449]]>
            </message>
            <full-stacktrace>
              <![CDATA[org.openqa.selenium.TimeoutException: Expected condition failed: waiting for visibility of element located by By.xpath: //div[contains(text(),'Employee details saved successfully')] (tried for 6 second(s) with 500 milliseconds interval)
Build info: version: '4.7.2', revision: '4d4020c3b7'
System info: os.name: 'Windows 7', os.arch: 'x86', os.version: '6.1', java.version: '1.8.0_211'
Driver info: org.openqa.selenium.chrome.ChromeDriver
Capabilities {acceptInsecureCerts: false, browserName: chrome, browserVersion: 109.0.5414.120, chrome: {chromedriverVersion: 109.0.5414.74 (e7c5703604da..., userDataDir: C:\Users\ritzz\AppData\Loca...}, goog:chromeOptions: {debuggerAddress: localhost:50088}, networkConnectionEnabled: false, pageLoadStrategy: normal, platformName: WINDOWS, proxy: Proxy(), se:cdp: ws://localhost:50088/devtoo..., se:cdpVersion: 109.0.5414.120, setWindowRect: true, strictFileInteractability: false, timeouts: {implicit: 0, pageLoad: 300000, script: 30000}, unhandledPromptBehavior: dismiss and notify, webauthn:extension:credBlob: true, webauthn:extension:largeBlob: true, webauthn:virtualAuthenticators: true}
Session ID: 9174c87c343f093a3af80a7660137449
at org.openqa.selenium.support.ui.WebDriverWait.timeoutException(WebDriverWait.java:87)
at org.openqa.selenium.support.ui.FluentWait.until(FluentWait.java:231)
at pageobject.PageObject.msg1(PageObject.java:243)
at testcases.TestCase_create1.Reg(TestCase_create1.java:35)
at sun.reflect.NativeMethodAccessorImpl.invoke0(Native Method)
at sun.reflect.NativeMethodAccessorImpl.invoke(NativeMethodAccessorImpl.java:62)
at sun.reflect.DelegatingMethodAccessorImpl.invoke(DelegatingMethodAccessorImpl.java:43)
at java.lang.reflect.Method.invoke(Method.java:498)
at org.testng.internal.MethodInvocationHelper.invokeMethod(MethodInvocationHelper.java:133)
at org.testng.internal.TestInvoker.invokeMethod(TestInvoker.java:598)
at org.testng.internal.TestInvoker.invokeTestMethod(TestInvoker.java:173)
at org.testng.internal.MethodRunner.runInSequence(MethodRunner.java:46)
at org.testng.internal.TestInvoker$MethodInvocationAgent.invoke(TestInvoker.java:824)
at org.testng.internal.TestInvoker.invokeTestMethods(TestInvoker.java:146)
at org.testng.internal.TestMethodWorker.invokeTestMethods(TestMethodWorker.java:146)
at org.testng.internal.TestMethodWorker.run(TestMethodWorker.java:128)
at java.util.concurrent.ThreadPoolExecutor.runWorker(ThreadPoolExecutor.java:1149)
at java.util.concurrent.ThreadPoolExecutor$Worker.run(ThreadPoolExecutor.java:624)
at java.lang.Thread.run(Thread.java:748)
]]>
            </full-stacktrace>
          </exception> <!-- org.openqa.selenium.TimeoutException -->
          <reporter-output>
          </reporter-output>
        </test-method> <!-- Reg -->
        <test-method status="PASS" signature="exit()[pri:0, instance:testcases.TestCase_create1@eca56e]" name="exit" is-config="true" duration-ms="3215" started-at="2023-05-24T18:35:34 IST" finished-at="2023-05-24T18:35:38 IST">
          <reporter-output>
          </reporter-output>
        </test-method> <!-- exit -->
      </class> <!-- testcases.TestCase_create1 -->
      <class name="testcases.Testcase_Create5">
        <test-method status="PASS" signature="setup()[pri:0, instance:testcases.Testcase_Create5@9cfc36]" name="setup" is-config="true" duration-ms="25454" started-at="2023-05-24T19:04:26 IST" finished-at="2023-05-24T19:04:51 IST">
          <reporter-output>
          </reporter-output>
        </test-method> <!-- setup -->
        <test-method status="FAIL" signature="verifyCancel()[pri:0, instance:testcases.Testcase_Create5@9cfc36]" name="verifyCancel" duration-ms="49501" started-at="2023-05-24T19:04:51 IST" finished-at="2023-05-24T19:05:41 IST">
          <exception class="graphql.AssertException">
            <message>
              <![CDATA[condition expected to be true]]>
            </message>
            <full-stacktrace>
              <![CDATA[graphql.AssertException: condition expected to be true
at graphql.Assert.assertTrue(Assert.java:85)
at testcases.Testcase_Create5.verifyCancel(Testcase_Create5.java:43)
at sun.reflect.NativeMethodAccessorImpl.invoke0(Native Method)
at sun.reflect.NativeMethodAccessorImpl.invoke(NativeMethodAccessorImpl.java:62)
at sun.reflect.DelegatingMethodAccessorImpl.invoke(DelegatingMethodAccessorImpl.java:43)
at java.lang.reflect.Method.invoke(Method.java:498)
at org.testng.internal.MethodInvocationHelper.invokeMethod(MethodInvocationHelper.java:133)
at org.testng.internal.TestInvoker.invokeMethod(TestInvoker.java:598)
at org.testng.internal.TestInvoker.invokeTestMethod(TestInvoker.java:173)
at org.testng.internal.MethodRunner.runInSequence(MethodRunner.java:46)
at org.testng.internal.TestInvoker$MethodInvocationAgent.invoke(TestInvoker.java:824)
at org.testng.internal.TestInvoker.invokeTestMethods(TestInvoker.java:146)
at org.testng.internal.TestMethodWorker.invokeTestMethods(TestMethodWorker.java:146)
at org.testng.internal.TestMethodWorker.run(TestMethodWorker.java:128)
at java.util.concurrent.ThreadPoolExecutor.runWorker(ThreadPoolExecutor.java:1149)
at java.util.concurrent.ThreadPoolExecutor$Worker.run(ThreadPoolExecutor.java:624)
at java.lang.Thread.run(Thread.java:748)
]]>
            </full-stacktrace>
          </exception> <!-- graphql.AssertException -->
          <reporter-output>
          </reporter-output>
        </test-method> <!-- verifyCancel -->
        <test-method status="PASS" signature="exit()[pri:0, instance:testcases.Testcase_Create5@9cfc36]" name="exit" is-config="true" duration-ms="746" started-at="2023-05-24T19:05:41 IST" finished-at="2023-05-24T19:05:41 IST">
          <reporter-output>
          </reporter-output>
        </test-method> <!-- exit -->
      </class> <!-- testcases.Testcase_Create5 -->
      <class name="testcases.Testcase_Create6">
        <test-method status="PASS" signature="setup()[pri:0, instance:testcases.Testcase_Create6@1bd930a]" name="setup" is-config="true" duration-ms="10357" started-at="2023-05-24T18:42:00 IST" finished-at="2023-05-24T18:42:10 IST">
          <reporter-output>
          </reporter-output>
        </test-method> <!-- setup -->
        <test-method status="PASS" signature="cityCheckBox()[pri:0, instance:testcases.Testcase_Create6@1bd930a]" name="cityCheckBox" duration-ms="33768" started-at="2023-05-24T18:42:10 IST" finished-at="2023-05-24T18:42:44 IST">
          <reporter-output>
          </reporter-output>
        </test-method> <!-- cityCheckBox -->
        <test-method status="PASS" signature="exit()[pri:0, instance:testcases.Testcase_Create6@1bd930a]" name="exit" is-config="true" duration-ms="1359" started-at="2023-05-24T18:42:44 IST" finished-at="2023-05-24T18:42:45 IST">
          <reporter-output>
          </reporter-output>
        </test-method> <!-- exit -->
      </class> <!-- testcases.Testcase_Create6 -->
      <class name="testcases.Testcase_Create7">
        <test-method status="PASS" signature="setup()[pri:0, instance:testcases.Testcase_Create7@1723e30]" name="setup" is-config="true" duration-ms="27927" started-at="2023-05-24T18:43:45 IST" finished-at="2023-05-24T18:44:13 IST">
          <reporter-output>
          </reporter-output>
        </test-method> <!-- setup -->
        <test-method status="PASS" signature="validExistingEmployee()[pri:0, instance:testcases.Testcase_Create7@1723e30]" name="validExistingEmployee" duration-ms="38834" started-at="2023-05-24T18:44:13 IST" finished-at="2023-05-24T18:44:52 IST">
          <reporter-output>
          </reporter-output>
        </test-method> <!-- validExistingEmployee -->
        <test-method status="PASS" signature="exit()[pri:0, instance:testcases.Testcase_Create7@1723e30]" name="exit" is-config="true" duration-ms="5600" started-at="2023-05-24T18:44:52 IST" finished-at="2023-05-24T18:44:58 IST">
          <reporter-output>
          </reporter-output>
        </test-method> <!-- exit -->
      </class> <!-- testcases.Testcase_Create7 -->
      <class name="testcases.Testcase_iframe2">
        <test-method status="PASS" signature="setup()[pri:0, instance:testcases.Testcase_iframe2@1d0685f]" name="setup" is-config="true" duration-ms="27228" started-at="2023-05-24T18:47:02 IST" finished-at="2023-05-24T18:47:29 IST">
          <reporter-output>
          </reporter-output>
        </test-method> <!-- setup -->
        <test-method status="PASS" signature="validateAllLinksiframepage()[pri:0, instance:testcases.Testcase_iframe2@1d0685f]" name="validateAllLinksiframepage" duration-ms="41092" started-at="2023-05-24T18:47:29 IST" finished-at="2023-05-24T18:48:10 IST">
          <reporter-output>
          </reporter-output>
        </test-method> <!-- validateAllLinksiframepage -->
        <test-method status="PASS" signature="exit()[pri:0, instance:testcases.Testcase_iframe2@1d0685f]" name="exit" is-config="true" duration-ms="4372" started-at="2023-05-24T18:48:10 IST" finished-at="2023-05-24T18:48:15 IST">
          <reporter-output>
          </reporter-output>
        </test-method> <!-- exit -->
      </class> <!-- testcases.Testcase_iframe2 -->
      <class name="testcases.TestCase_slider2">
        <test-method status="PASS" signature="setup()[pri:0, instance:testcases.TestCase_slider2@607a4f]" name="setup" is-config="true" duration-ms="14900" started-at="2023-05-24T18:49:15 IST" finished-at="2023-05-24T18:49:30 IST">
          <reporter-output>
          </reporter-output>
        </test-method> <!-- setup -->
        <test-method status="PASS" signature="validateAllLinkssliderpage()[pri:0, instance:testcases.TestCase_slider2@607a4f]" name="validateAllLinkssliderpage" duration-ms="24284" started-at="2023-05-24T18:49:30 IST" finished-at="2023-05-24T18:49:55 IST">
          <reporter-output>
          </reporter-output>
        </test-method> <!-- validateAllLinkssliderpage -->
        <test-method status="PASS" signature="exit()[pri:0, instance:testcases.TestCase_slider2@607a4f]" name="exit" is-config="true" duration-ms="5687" started-at="2023-05-24T18:49:55 IST" finished-at="2023-05-24T18:50:00 IST">
          <reporter-output>
          </reporter-output>
        </test-method> <!-- exit -->
      </class> <!-- testcases.TestCase_slider2 -->
      <class name="testcases.TestCase_Create4">
        <test-method status="PASS" signature="setup()[pri:0, instance:testcases.TestCase_Create4@cd23d9]" name="setup" is-config="true" duration-ms="24337" started-at="2023-05-24T19:04:27 IST" finished-at="2023-05-24T19:04:51 IST">
          <reporter-output>
          </reporter-output>
        </test-method> <!-- setup -->
        <test-method status="FAIL" signature="invalidmo()[pri:2, instance:testcases.TestCase_Create4@cd23d9]" name="invalidmo" duration-ms="41217" started-at="2023-05-24T19:04:51 IST" finished-at="2023-05-24T19:05:32 IST">
          <exception class="graphql.AssertException">
            <message>
              <![CDATA[condition expected to be true]]>
            </message>
            <full-stacktrace>
              <![CDATA[graphql.AssertException: condition expected to be true
at graphql.Assert.assertTrue(Assert.java:85)
at testcases.TestCase_Create4.invalidmo(TestCase_Create4.java:47)
at sun.reflect.NativeMethodAccessorImpl.invoke0(Native Method)
at sun.reflect.NativeMethodAccessorImpl.invoke(NativeMethodAccessorImpl.java:62)
at sun.reflect.DelegatingMethodAccessorImpl.invoke(DelegatingMethodAccessorImpl.java:43)
at java.lang.reflect.Method.invoke(Method.java:498)
at org.testng.internal.MethodInvocationHelper.invokeMethod(MethodInvocationHelper.java:133)
at org.testng.internal.TestInvoker.invokeMethod(TestInvoker.java:598)
at org.testng.internal.TestInvoker.invokeTestMethod(TestInvoker.java:173)
at org.testng.internal.MethodRunner.runInSequence(MethodRunner.java:46)
at org.testng.internal.TestInvoker$MethodInvocationAgent.invoke(TestInvoker.java:824)
at org.testng.internal.TestInvoker.invokeTestMethods(TestInvoker.java:146)
at org.testng.internal.TestMethodWorker.invokeTestMethods(TestMethodWorker.java:146)
at org.testng.internal.TestMethodWorker.run(TestMethodWorker.java:128)
at java.util.concurrent.ThreadPoolExecutor.runWorker(ThreadPoolExecutor.java:1149)
at java.util.concurrent.ThreadPoolExecutor$Worker.run(ThreadPoolExecutor.java:624)
at java.lang.Thread.run(Thread.java:748)
]]>
            </full-stacktrace>
          </exception> <!-- graphql.AssertException -->
          <reporter-output>
          </reporter-output>
        </test-method> <!-- invalidmo -->
        <test-method status="PASS" signature="exit()[pri:0, instance:testcases.TestCase_Create4@cd23d9]" name="exit" is-config="true" duration-ms="6367" started-at="2023-05-24T19:05:32 IST" finished-at="2023-05-24T19:05:39 IST">
          <reporter-output>
          </reporter-output>
        </test-method> <!-- exit -->
      </class> <!-- testcases.TestCase_Create4 -->
      <class name="testcases.Testcase_link3">
        <test-method status="PASS" signature="setup()[pri:0, instance:testcases.Testcase_link3@c8a2c0]" name="setup" is-config="true" duration-ms="27197" started-at="2023-05-24T18:47:02 IST" finished-at="2023-05-24T18:47:29 IST">
          <reporter-output>
          </reporter-output>
        </test-method> <!-- setup -->
        <test-method status="PASS" signature="validateAllLinkslinkpage()[pri:0, instance:testcases.Testcase_link3@c8a2c0]" name="validateAllLinkslinkpage" duration-ms="30226" started-at="2023-05-24T18:47:29 IST" finished-at="2023-05-24T18:48:00 IST">
          <reporter-output>
          </reporter-output>
        </test-method> <!-- validateAllLinkslinkpage -->
        <test-method status="PASS" signature="exit()[pri:0, instance:testcases.Testcase_link3@c8a2c0]" name="exit" is-config="true" duration-ms="5556" started-at="2023-05-24T18:48:00 IST" finished-at="2023-05-24T18:48:05 IST">
          <reporter-output>
          </reporter-output>
        </test-method> <!-- exit -->
      </class> <!-- testcases.Testcase_link3 -->
      <class name="testcases.Testcase_link2">
        <test-method status="PASS" signature="setup()[pri:0, instance:testcases.Testcase_link2@74868d]" name="setup" is-config="true" duration-ms="22266" started-at="2023-05-24T18:50:00 IST" finished-at="2023-05-24T18:50:23 IST">
          <reporter-output>
          </reporter-output>
        </test-method> <!-- setup -->
        <test-method status="PASS" signature="validateBrokenLinks()[pri:0, instance:testcases.Testcase_link2@74868d]" name="validateBrokenLinks" duration-ms="78113" started-at="2023-05-24T18:50:23 IST" finished-at="2023-05-24T18:51:41 IST">
          <reporter-output>
          </reporter-output>
        </test-method> <!-- validateBrokenLinks -->
        <test-method status="PASS" signature="exit()[pri:0, instance:testcases.Testcase_link2@74868d]" name="exit" is-config="true" duration-ms="3270" started-at="2023-05-24T18:51:41 IST" finished-at="2023-05-24T18:51:44 IST">
          <reporter-output>
          </reporter-output>
        </test-method> <!-- exit -->
      </class> <!-- testcases.Testcase_link2 -->
      <class name="testcases.TestCase_slider01">
        <test-method status="PASS" signature="setup()[pri:0, instance:testcases.TestCase_slider01@1b64261]" name="setup" is-config="true" duration-ms="19706" started-at="2023-05-24T18:36:33 IST" finished-at="2023-05-24T18:36:52 IST">
          <reporter-output>
          </reporter-output>
        </test-method> <!-- setup -->
        <test-method status="PASS" signature="SliderTest()[pri:0, instance:testcases.TestCase_slider01@1b64261]" name="SliderTest" duration-ms="33007" started-at="2023-05-24T18:36:52 IST" finished-at="2023-05-24T18:37:25 IST">
          <reporter-output>
          </reporter-output>
        </test-method> <!-- SliderTest -->
        <test-method status="PASS" signature="exit()[pri:0, instance:testcases.TestCase_slider01@1b64261]" name="exit" is-config="true" duration-ms="1364" started-at="2023-05-24T18:37:25 IST" finished-at="2023-05-24T18:37:27 IST">
          <reporter-output>
          </reporter-output>
        </test-method> <!-- exit -->
      </class> <!-- testcases.TestCase_slider01 -->
      <class name="testcases.Testcase_image1">
        <test-method status="PASS" signature="setup()[pri:0, instance:testcases.Testcase_image1@91771e]" name="setup" is-config="true" duration-ms="42064" started-at="2023-05-24T18:57:04 IST" finished-at="2023-05-24T18:57:46 IST">
          <reporter-output>
          </reporter-output>
        </test-method> <!-- setup -->
        <test-method status="FAIL" signature="validateimageUpload()[pri:0, instance:testcases.Testcase_image1@91771e]" name="validateimageUpload" duration-ms="57775" started-at="2023-05-24T18:57:46 IST" finished-at="2023-05-24T18:58:43 IST">
          <exception class="java.lang.AssertionError">
            <message>
              <![CDATA[expected [true] but found [false]]]>
            </message>
            <full-stacktrace>
              <![CDATA[java.lang.AssertionError: expected [true] but found [false]
at org.testng.Assert.fail(Assert.java:99)
at org.testng.Assert.failNotEquals(Assert.java:1037)
at org.testng.Assert.assertTrue(Assert.java:45)
at org.testng.Assert.assertTrue(Assert.java:55)
at testcases.Testcase_image1.validateimageUpload(Testcase_image1.java:39)
at sun.reflect.NativeMethodAccessorImpl.invoke0(Native Method)
at sun.reflect.NativeMethodAccessorImpl.invoke(NativeMethodAccessorImpl.java:62)
at sun.reflect.DelegatingMethodAccessorImpl.invoke(DelegatingMethodAccessorImpl.java:43)
at java.lang.reflect.Method.invoke(Method.java:498)
at org.testng.internal.MethodInvocationHelper.invokeMethod(MethodInvocationHelper.java:133)
at org.testng.internal.TestInvoker.invokeMethod(TestInvoker.java:598)
at org.testng.internal.TestInvoker.invokeTestMethod(TestInvoker.java:173)
at org.testng.internal.MethodRunner.runInSequence(MethodRunner.java:46)
at org.testng.internal.TestInvoker$MethodInvocationAgent.invoke(TestInvoker.java:824)
at org.testng.internal.TestInvoker.invokeTestMethods(TestInvoker.java:146)
at org.testng.internal.TestMethodWorker.invokeTestMethods(TestMethodWorker.java:146)
at org.testng.internal.TestMethodWorker.run(TestMethodWorker.java:128)
at java.util.concurrent.ThreadPoolExecutor.runWorker(ThreadPoolExecutor.java:1149)
at java.util.concurrent.ThreadPoolExecutor$Worker.run(ThreadPoolExecutor.java:624)
at java.lang.Thread.run(Thread.java:748)
]]>
            </full-stacktrace>
          </exception> <!-- java.lang.AssertionError -->
          <reporter-output>
          </reporter-output>
        </test-method> <!-- validateimageUpload -->
        <test-method status="PASS" signature="exit()[pri:0, instance:testcases.Testcase_image1@91771e]" name="exit" is-config="true" duration-ms="3731" started-at="2023-05-24T18:58:43 IST" finished-at="2023-05-24T18:58:47 IST">
          <reporter-output>
          </reporter-output>
        </test-method> <!-- exit -->
      </class> <!-- testcases.Testcase_image1 -->
      <class name="testcases.Testcase_create8">
        <test-method status="PASS" signature="setup()[pri:0, instance:testcases.Testcase_create8@f6106c]" name="setup" is-config="true" duration-ms="25451" started-at="2023-05-24T18:46:15 IST" finished-at="2023-05-24T18:46:40 IST">
          <reporter-output>
          </reporter-output>
        </test-method> <!-- setup -->
        <test-method status="PASS" signature="validateAllLinksicreatepage()[pri:0, instance:testcases.Testcase_create8@f6106c]" name="validateAllLinksicreatepage" duration-ms="19969" started-at="2023-05-24T18:46:40 IST" finished-at="2023-05-24T18:47:00 IST">
          <reporter-output>
          </reporter-output>
        </test-method> <!-- validateAllLinksicreatepage -->
        <test-method status="PASS" signature="exit()[pri:0, instance:testcases.Testcase_create8@f6106c]" name="exit" is-config="true" duration-ms="1911" started-at="2023-05-24T18:47:00 IST" finished-at="2023-05-24T18:47:02 IST">
          <reporter-output>
          </reporter-output>
        </test-method> <!-- exit -->
      </class> <!-- testcases.Testcase_create8 -->
      <class name="testcases.Testcase_image2">
        <test-method status="PASS" signature="setup()[pri:0, instance:testcases.Testcase_image2@ac1102]" name="setup" is-config="true" duration-ms="53174" started-at="2023-05-24T18:57:19 IST" finished-at="2023-05-24T18:58:12 IST">
          <reporter-output>
          </reporter-output>
        </test-method> <!-- setup -->
        <test-method status="PASS" signature="validateimageUploadWithoutImage()[pri:0, instance:testcases.Testcase_image2@ac1102]" name="validateimageUploadWithoutImage" duration-ms="35452" started-at="2023-05-24T18:58:12 IST" finished-at="2023-05-24T18:58:47 IST">
          <reporter-output>
          </reporter-output>
        </test-method> <!-- validateimageUploadWithoutImage -->
        <test-method status="PASS" signature="exit()[pri:0, instance:testcases.Testcase_image2@ac1102]" name="exit" is-config="true" duration-ms="4067" started-at="2023-05-24T18:58:47 IST" finished-at="2023-05-24T18:58:51 IST">
          <reporter-output>
          </reporter-output>
        </test-method> <!-- exit -->
      </class> <!-- testcases.Testcase_image2 -->
      <class name="testcases.Testcase_create2">
        <test-method status="PASS" signature="setup()[pri:0, instance:testcases.Testcase_create2@bd213e]" name="setup" is-config="true" duration-ms="31254" started-at="2023-05-24T19:02:50 IST" finished-at="2023-05-24T19:03:21 IST">
          <reporter-output>
          </reporter-output>
        </test-method> <!-- setup -->
        <test-method status="PASS" signature="validating_WithoutDetails()[pri:0, instance:testcases.Testcase_create2@bd213e]" name="validating_WithoutDetails" duration-ms="17068" started-at="2023-05-24T19:03:21 IST" finished-at="2023-05-24T19:03:38 IST">
          <reporter-output>
          </reporter-output>
        </test-method> <!-- validating_WithoutDetails -->
        <test-method status="PASS" signature="exit()[pri:0, instance:testcases.Testcase_create2@bd213e]" name="exit" is-config="true" duration-ms="1951" started-at="2023-05-24T19:03:38 IST" finished-at="2023-05-24T19:03:40 IST">
          <reporter-output>
          </reporter-output>
        </test-method> <!-- exit -->
      </class> <!-- testcases.Testcase_create2 -->
      <class name="testcases.Testcase_image3">
        <test-method status="PASS" signature="setup()[pri:0, instance:testcases.Testcase_image3@1e8284b]" name="setup" is-config="true" duration-ms="34328" started-at="2023-05-24T18:44:58 IST" finished-at="2023-05-24T18:45:32 IST">
          <reporter-output>
          </reporter-output>
        </test-method> <!-- setup -->
        <test-method status="PASS" signature="validateAllLinksImagepage()[pri:0, instance:testcases.Testcase_image3@1e8284b]" name="validateAllLinksImagepage" duration-ms="41358" started-at="2023-05-24T18:45:32 IST" finished-at="2023-05-24T18:46:13 IST">
          <reporter-output>
          </reporter-output>
        </test-method> <!-- validateAllLinksImagepage -->
        <test-method status="PASS" signature="exit()[pri:0, instance:testcases.Testcase_image3@1e8284b]" name="exit" is-config="true" duration-ms="1375" started-at="2023-05-24T18:46:13 IST" finished-at="2023-05-24T18:46:15 IST">
          <reporter-output>
          </reporter-output>
        </test-method> <!-- exit -->
      </class> <!-- testcases.Testcase_image3 -->
      <class name="testcases.Testcase_collapse3">
        <test-method status="PASS" signature="setup()[pri:0, instance:testcases.Testcase_collapse3@9d1c02]" name="setup" is-config="true" duration-ms="26951" started-at="2023-05-24T18:46:13 IST" finished-at="2023-05-24T18:46:40 IST">
          <reporter-output>
          </reporter-output>
        </test-method> <!-- setup -->
        <test-method status="PASS" signature="validateAllLinkscollapsepage()[pri:0, instance:testcases.Testcase_collapse3@9d1c02]" name="validateAllLinkscollapsepage" duration-ms="20694" started-at="2023-05-24T18:46:40 IST" finished-at="2023-05-24T18:47:01 IST">
          <reporter-output>
          </reporter-output>
        </test-method> <!-- validateAllLinkscollapsepage -->
        <test-method status="PASS" signature="exit()[pri:0, instance:testcases.Testcase_collapse3@9d1c02]" name="exit" is-config="true" duration-ms="1124" started-at="2023-05-24T18:47:01 IST" finished-at="2023-05-24T18:47:02 IST">
          <reporter-output>
          </reporter-output>
        </test-method> <!-- exit -->
      </class> <!-- testcases.Testcase_collapse3 -->
      <class name="testcases.Testcase_login3">
        <test-method status="PASS" signature="setup()[pri:0, instance:testcases.Testcase_login3@71e53b]" name="setup" is-config="true" duration-ms="28060" started-at="2023-05-24T18:37:27 IST" finished-at="2023-05-24T18:37:55 IST">
          <reporter-output>
          </reporter-output>
        </test-method> <!-- setup -->
        <test-method status="PASS" signature="WithoutPassword()[pri:0, instance:testcases.Testcase_login3@71e53b]" name="WithoutPassword" duration-ms="22542" started-at="2023-05-24T18:37:55 IST" finished-at="2023-05-24T18:38:17 IST">
          <reporter-output>
          </reporter-output>
        </test-method> <!-- WithoutPassword -->
        <test-method status="PASS" signature="exit()[pri:0, instance:testcases.Testcase_login3@71e53b]" name="exit" is-config="true" duration-ms="8218" started-at="2023-05-24T18:38:17 IST" finished-at="2023-05-24T18:38:26 IST">
          <reporter-output>
          </reporter-output>
        </test-method> <!-- exit -->
      </class> <!-- testcases.Testcase_login3 -->
      <class name="testcases.Testcase_login4">
        <test-method status="PASS" signature="setup()[pri:0, instance:testcases.Testcase_login4@1b7a79b]" name="setup" is-config="true" duration-ms="15049" started-at="2023-05-24T18:41:24 IST" finished-at="2023-05-24T18:41:39 IST">
          <reporter-output>
          </reporter-output>
        </test-method> <!-- setup -->
        <test-method status="PASS" signature="WrongPassword()[pri:0, instance:testcases.Testcase_login4@1b7a79b]" name="WrongPassword" duration-ms="16182" started-at="2023-05-24T18:41:39 IST" finished-at="2023-05-24T18:41:55 IST">
          <reporter-output>
          </reporter-output>
        </test-method> <!-- WrongPassword -->
        <test-method status="PASS" signature="exit()[pri:0, instance:testcases.Testcase_login4@1b7a79b]" name="exit" is-config="true" duration-ms="4873" started-at="2023-05-24T18:41:55 IST" finished-at="2023-05-24T18:42:00 IST">
          <reporter-output>
          </reporter-output>
        </test-method> <!-- exit -->
      </class> <!-- testcases.Testcase_login4 -->
      <class name="testcases.Testcase_tooltips1">
        <test-method status="FAIL" signature="setup()[pri:0, instance:testcases.Testcase_tooltips1@2663d3]" name="setup" is-config="true" duration-ms="29383" started-at="2023-05-24T18:55:41 IST" finished-at="2023-05-24T18:56:10 IST">
          <exception class="org.openqa.selenium.SessionNotCreatedException">
            <message>
              <![CDATA[Could not start a new session. Possible causes are invalid address of the remote server or browser start-up failure. 
Host info: host: 'RITZZ-PC', ip: '192.168.29.222']]>
            </message>
            <full-stacktrace>
              <![CDATA[org.openqa.selenium.SessionNotCreatedException: Could not start a new session. Possible causes are invalid address of the remote server or browser start-up failure. 
Host info: host: 'RITZZ-PC', ip: '192.168.29.222'
at org.openqa.selenium.remote.RemoteWebDriver.execute(RemoteWebDriver.java:553)
at org.openqa.selenium.remote.RemoteWebDriver.startSession(RemoteWebDriver.java:228)
at org.openqa.selenium.remote.RemoteWebDriver.<init>(RemoteWebDriver.java:156)
at org.openqa.selenium.chromium.ChromiumDriver.<init>(ChromiumDriver.java:101)
at org.openqa.selenium.chrome.ChromeDriver.<init>(ChromeDriver.java:82)
at org.openqa.selenium.chrome.ChromeDriver.<init>(ChromeDriver.java:50)
at testcases.Base.setup(Base.java:40)
at sun.reflect.GeneratedMethodAccessor6.invoke(Unknown Source)
at sun.reflect.DelegatingMethodAccessorImpl.invoke(DelegatingMethodAccessorImpl.java:43)
at java.lang.reflect.Method.invoke(Method.java:498)
at org.testng.internal.MethodInvocationHelper.invokeMethod(MethodInvocationHelper.java:133)
at org.testng.internal.MethodInvocationHelper.invokeMethodConsideringTimeout(MethodInvocationHelper.java:62)
at org.testng.internal.ConfigInvoker.invokeConfigurationMethod(ConfigInvoker.java:385)
at org.testng.internal.ConfigInvoker.invokeConfigurations(ConfigInvoker.java:321)
at org.testng.internal.TestMethodWorker.invokeBeforeClassMethods(TestMethodWorker.java:176)
at org.testng.internal.TestMethodWorker.run(TestMethodWorker.java:122)
at java.util.concurrent.ThreadPoolExecutor.runWorker(ThreadPoolExecutor.java:1149)
at java.util.concurrent.ThreadPoolExecutor$Worker.run(ThreadPoolExecutor.java:624)
at java.lang.Thread.run(Thread.java:748)
Caused by: org.openqa.selenium.WebDriverException: Timed out waiting for driver server to bind the port.
Build info: version: '4.7.2', revision: '4d4020c3b7'
System info: os.name: 'Windows 7', os.arch: 'x86', os.version: '6.1', java.version: '1.8.0_211'
Driver info: driver.version: ChromeDriver
at org.openqa.selenium.remote.service.DriverService.start(DriverService.java:246)
at org.openqa.selenium.remote.service.DriverCommandExecutor.execute(DriverCommandExecutor.java:98)
at org.openqa.selenium.remote.RemoteWebDriver.execute(RemoteWebDriver.java:535)
... 18 more
]]>
            </full-stacktrace>
          </exception> <!-- org.openqa.selenium.SessionNotCreatedException -->
          <reporter-output>
          </reporter-output>
        </test-method> <!-- setup -->
        <test-method status="SKIP" signature="validateTooltips()[pri:0, instance:testcases.Testcase_tooltips1@2663d3]" name="validateTooltips" duration-ms="0" started-at="2023-05-24T18:56:10 IST" finished-at="2023-05-24T18:56:10 IST">
          <exception class="org.openqa.selenium.SessionNotCreatedException">
            <message>
              <![CDATA[Could not start a new session. Possible causes are invalid address of the remote server or browser start-up failure. 
Host info: host: 'RITZZ-PC', ip: '192.168.29.222']]>
            </message>
            <full-stacktrace>
              <![CDATA[org.openqa.selenium.SessionNotCreatedException: Could not start a new session. Possible causes are invalid address of the remote server or browser start-up failure. 
Host info: host: 'RITZZ-PC', ip: '192.168.29.222'
at org.openqa.selenium.remote.RemoteWebDriver.execute(RemoteWebDriver.java:553)
at org.openqa.selenium.remote.RemoteWebDriver.startSession(RemoteWebDriver.java:228)
at org.openqa.selenium.remote.RemoteWebDriver.<init>(RemoteWebDriver.java:156)
at org.openqa.selenium.chromium.ChromiumDriver.<init>(ChromiumDriver.java:101)
at org.openqa.selenium.chrome.ChromeDriver.<init>(ChromeDriver.java:82)
at org.openqa.selenium.chrome.ChromeDriver.<init>(ChromeDriver.java:50)
at testcases.Base.setup(Base.java:40)
at sun.reflect.GeneratedMethodAccessor6.invoke(Unknown Source)
at sun.reflect.DelegatingMethodAccessorImpl.invoke(DelegatingMethodAccessorImpl.java:43)
at java.lang.reflect.Method.invoke(Method.java:498)
at org.testng.internal.MethodInvocationHelper.invokeMethod(MethodInvocationHelper.java:133)
at org.testng.internal.MethodInvocationHelper.invokeMethodConsideringTimeout(MethodInvocationHelper.java:62)
at org.testng.internal.ConfigInvoker.invokeConfigurationMethod(ConfigInvoker.java:385)
at org.testng.internal.ConfigInvoker.invokeConfigurations(ConfigInvoker.java:321)
at org.testng.internal.TestMethodWorker.invokeBeforeClassMethods(TestMethodWorker.java:176)
at org.testng.internal.TestMethodWorker.run(TestMethodWorker.java:122)
at java.util.concurrent.ThreadPoolExecutor.runWorker(ThreadPoolExecutor.java:1149)
at java.util.concurrent.ThreadPoolExecutor$Worker.run(ThreadPoolExecutor.java:624)
at java.lang.Thread.run(Thread.java:748)
Caused by: org.openqa.selenium.WebDriverException: Timed out waiting for driver server to bind the port.
Build info: version: '4.7.2', revision: '4d4020c3b7'
System info: os.name: 'Windows 7', os.arch: 'x86', os.version: '6.1', java.version: '1.8.0_211'
Driver info: driver.version: ChromeDriver
at org.openqa.selenium.remote.service.DriverService.start(DriverService.java:246)
at org.openqa.selenium.remote.service.DriverCommandExecutor.execute(DriverCommandExecutor.java:98)
at org.openqa.selenium.remote.RemoteWebDriver.execute(RemoteWebDriver.java:535)
... 18 more
]]>
            </full-stacktrace>
          </exception> <!-- org.openqa.selenium.SessionNotCreatedException -->
          <reporter-output>
          </reporter-output>
        </test-method> <!-- validateTooltips -->
        <test-method status="SKIP" signature="exit()[pri:0, instance:testcases.Testcase_tooltips1@2663d3]" name="exit" is-config="true" duration-ms="-1684934770911" started-at="2023-05-24T18:56:10 IST" finished-at="1970-01-01T05:30:00 IST">
          <reporter-output>
          </reporter-output>
        </test-method> <!-- exit -->
      </class> <!-- testcases.Testcase_tooltips1 -->
      <class name="testcases.Testcase_login1">
        <test-method status="PASS" signature="setup()[pri:0, instance:testcases.Testcase_login1@1aab78]" name="setup" is-config="true" duration-ms="20251" started-at="2023-05-24T18:42:45 IST" finished-at="2023-05-24T18:43:06 IST">
          <reporter-output>
          </reporter-output>
        </test-method> <!-- setup -->
        <test-method status="FAIL" signature="loginWithValidDet(java.lang.String,java.lang.String)[pri:0, instance:testcases.Testcase_login1@1aab78]" name="loginWithValidDet" duration-ms="13639" started-at="2023-05-24T18:43:17 IST" data-provider="login" finished-at="2023-05-24T18:43:31 IST">
          <params>
            <param index="0">
              <value>
                <![CDATA[admin]]>
              </value>
            </param>
            <param index="1">
              <value>
                <![CDATA[admin]]>
              </value>
            </param>
          </params>
          <exception class="graphql.AssertException">
            <message>
              <![CDATA[condition expected to be true]]>
            </message>
            <full-stacktrace>
              <![CDATA[graphql.AssertException: condition expected to be true
at graphql.Assert.assertTrue(Assert.java:85)
at testcases.Testcase_login1.loginWithValidDet(Testcase_login1.java:47)
at sun.reflect.NativeMethodAccessorImpl.invoke0(Native Method)
at sun.reflect.NativeMethodAccessorImpl.invoke(NativeMethodAccessorImpl.java:62)
at sun.reflect.DelegatingMethodAccessorImpl.invoke(DelegatingMethodAccessorImpl.java:43)
at java.lang.reflect.Method.invoke(Method.java:498)
at org.testng.internal.MethodInvocationHelper.invokeMethod(MethodInvocationHelper.java:133)
at org.testng.internal.TestInvoker.invokeMethod(TestInvoker.java:598)
at org.testng.internal.TestInvoker.invokeTestMethod(TestInvoker.java:173)
at org.testng.internal.MethodRunner.runInSequence(MethodRunner.java:46)
at org.testng.internal.TestInvoker$MethodInvocationAgent.invoke(TestInvoker.java:824)
at org.testng.internal.TestInvoker.invokeTestMethods(TestInvoker.java:146)
at org.testng.internal.TestMethodWorker.invokeTestMethods(TestMethodWorker.java:146)
at org.testng.internal.TestMethodWorker.run(TestMethodWorker.java:128)
at java.util.concurrent.ThreadPoolExecutor.runWorker(ThreadPoolExecutor.java:1149)
at java.util.concurrent.ThreadPoolExecutor$Worker.run(ThreadPoolExecutor.java:624)
at java.lang.Thread.run(Thread.java:748)
]]>
            </full-stacktrace>
          </exception> <!-- graphql.AssertException -->
          <reporter-output>
          </reporter-output>
        </test-method> <!-- loginWithValidDet -->
        <test-method status="PASS" signature="loginWithValidDet(java.lang.String,java.lang.String)[pri:0, instance:testcases.Testcase_login1@1aab78]" name="loginWithValidDet" duration-ms="7193" started-at="2023-05-24T18:43:31 IST" data-provider="login" finished-at="2023-05-24T18:43:38 IST">
          <params>
            <param index="0">
              <value>
                <![CDATA[training@jalaacademy.com]]>
              </value>
            </param>
            <param index="1">
              <value>
                <![CDATA[jobprogram]]>
              </value>
            </param>
          </params>
          <reporter-output>
          </reporter-output>
        </test-method> <!-- loginWithValidDet -->
        <test-method status="FAIL" signature="loginWithValidDet(java.lang.String,java.lang.String)[pri:0, instance:testcases.Testcase_login1@1aab78]" name="loginWithValidDet" duration-ms="7874" started-at="2023-05-24T18:43:38 IST" data-provider="login" finished-at="2023-05-24T18:43:46 IST">
          <params>
            <param index="0">
              <value>
                <![CDATA[admin]]>
              </value>
            </param>
            <param index="1">
              <value>
                <![CDATA[jhjhj]]>
              </value>
            </param>
          </params>
          <exception class="graphql.AssertException">
            <message>
              <![CDATA[condition expected to be true]]>
            </message>
            <full-stacktrace>
              <![CDATA[graphql.AssertException: condition expected to be true
at graphql.Assert.assertTrue(Assert.java:85)
at testcases.Testcase_login1.loginWithValidDet(Testcase_login1.java:47)
at sun.reflect.NativeMethodAccessorImpl.invoke0(Native Method)
at sun.reflect.NativeMethodAccessorImpl.invoke(NativeMethodAccessorImpl.java:62)
at sun.reflect.DelegatingMethodAccessorImpl.invoke(DelegatingMethodAccessorImpl.java:43)
at java.lang.reflect.Method.invoke(Method.java:498)
at org.testng.internal.MethodInvocationHelper.invokeMethod(MethodInvocationHelper.java:133)
at org.testng.internal.TestInvoker.invokeMethod(TestInvoker.java:598)
at org.testng.internal.TestInvoker.invokeTestMethod(TestInvoker.java:173)
at org.testng.internal.MethodRunner.runInSequence(MethodRunner.java:46)
at org.testng.internal.TestInvoker$MethodInvocationAgent.invoke(TestInvoker.java:824)
at org.testng.internal.TestInvoker.invokeTestMethods(TestInvoker.java:146)
at org.testng.internal.TestMethodWorker.invokeTestMethods(TestMethodWorker.java:146)
at org.testng.internal.TestMethodWorker.run(TestMethodWorker.java:128)
at java.util.concurrent.ThreadPoolExecutor.runWorker(ThreadPoolExecutor.java:1149)
at java.util.concurrent.ThreadPoolExecutor$Worker.run(ThreadPoolExecutor.java:624)
at java.lang.Thread.run(Thread.java:748)
]]>
            </full-stacktrace>
          </exception> <!-- graphql.AssertException -->
          <reporter-output>
          </reporter-output>
        </test-method> <!-- loginWithValidDet -->
        <test-method status="PASS" signature="loginWithValidDet(java.lang.String,java.lang.String)[pri:0, instance:testcases.Testcase_login1@1aab78]" name="loginWithValidDet" duration-ms="10090" started-at="2023-05-24T18:43:46 IST" data-provider="login" finished-at="2023-05-24T18:43:56 IST">
          <params>
            <param index="0">
              <value>
                <![CDATA[training@jalaacademy.com]]>
              </value>
            </param>
            <param index="1">
              <value>
                <![CDATA[jobprogram]]>
              </value>
            </param>
          </params>
          <reporter-output>
          </reporter-output>
        </test-method> <!-- loginWithValidDet -->
        <test-method status="PASS" signature="exit()[pri:0, instance:testcases.Testcase_login1@1aab78]" name="exit" is-config="true" duration-ms="817" started-at="2023-05-24T18:43:56 IST" finished-at="2023-05-24T18:43:57 IST">
          <reporter-output>
          </reporter-output>
        </test-method> <!-- exit -->
      </class> <!-- testcases.Testcase_login1 -->
      <class name="testcases.Testcase_tooltips2">
        <test-method status="PASS" signature="setup()[pri:0, instance:testcases.Testcase_tooltips2@190a65e]" name="setup" is-config="true" duration-ms="21940" started-at="2023-05-24T18:45:24 IST" finished-at="2023-05-24T18:45:46 IST">
          <reporter-output>
          </reporter-output>
        </test-method> <!-- setup -->
        <test-method status="PASS" signature="validateAllLinksTooltipspage()[pri:0, instance:testcases.Testcase_tooltips2@190a65e]" name="validateAllLinksTooltipspage" duration-ms="22021" started-at="2023-05-24T18:45:46 IST" finished-at="2023-05-24T18:46:08 IST">
          <reporter-output>
          </reporter-output>
        </test-method> <!-- validateAllLinksTooltipspage -->
        <test-method status="PASS" signature="exit()[pri:0, instance:testcases.Testcase_tooltips2@190a65e]" name="exit" is-config="true" duration-ms="5623" started-at="2023-05-24T18:46:08 IST" finished-at="2023-05-24T18:46:13 IST">
          <reporter-output>
          </reporter-output>
        </test-method> <!-- exit -->
      </class> <!-- testcases.Testcase_tooltips2 -->
      <class name="testcases.Testcase_login2">
        <test-method status="PASS" signature="setup()[pri:0, instance:testcases.Testcase_login2@1374a5e]" name="setup" is-config="true" duration-ms="98956" started-at="2023-05-24T18:38:26 IST" finished-at="2023-05-24T18:40:04 IST">
          <reporter-output>
          </reporter-output>
        </test-method> <!-- setup -->
        <test-method status="PASS" signature="WithoutUsername()[pri:0, instance:testcases.Testcase_login2@1374a5e]" name="WithoutUsername" duration-ms="13254" started-at="2023-05-24T18:40:04 IST" finished-at="2023-05-24T18:40:18 IST">
          <reporter-output>
          </reporter-output>
        </test-method> <!-- WithoutUsername -->
        <test-method status="PASS" signature="exit()[pri:0, instance:testcases.Testcase_login2@1374a5e]" name="exit" is-config="true" duration-ms="4460" started-at="2023-05-24T18:40:18 IST" finished-at="2023-05-24T18:40:22 IST">
          <reporter-output>
          </reporter-output>
        </test-method> <!-- exit -->
      </class> <!-- testcases.Testcase_login2 -->
      <class name="testcases.Testcase_login5">
        <test-method status="PASS" signature="setup()[pri:0, instance:testcases.Testcase_login5@950e31]" name="setup" is-config="true" duration-ms="36424" started-at="2023-05-24T18:40:22 IST" finished-at="2023-05-24T18:40:59 IST">
          <reporter-output>
          </reporter-output>
        </test-method> <!-- setup -->
        <test-method status="PASS" signature="WrongEmail()[pri:0, instance:testcases.Testcase_login5@950e31]" name="WrongEmail" duration-ms="23873" started-at="2023-05-24T18:40:59 IST" finished-at="2023-05-24T18:41:22 IST">
          <reporter-output>
          </reporter-output>
        </test-method> <!-- WrongEmail -->
        <test-method status="PASS" signature="exit()[pri:0, instance:testcases.Testcase_login5@950e31]" name="exit" is-config="true" duration-ms="1135" started-at="2023-05-24T18:41:22 IST" finished-at="2023-05-24T18:41:24 IST">
          <reporter-output>
          </reporter-output>
        </test-method> <!-- exit -->
      </class> <!-- testcases.Testcase_login5 -->
      <class name="testcases.Testcase_login6">
        <test-method status="PASS" signature="setup()[pri:0, instance:testcases.Testcase_login6@17dd107]" name="setup" is-config="true" duration-ms="7083" started-at="2023-05-24T18:41:32 IST" finished-at="2023-05-24T18:41:39 IST">
          <reporter-output>
          </reporter-output>
        </test-method> <!-- setup -->
        <test-method status="PASS" signature="WrongPassword()[pri:0, instance:testcases.Testcase_login6@17dd107]" name="WrongPassword" duration-ms="15395" started-at="2023-05-24T18:41:39 IST" finished-at="2023-05-24T18:41:54 IST">
          <reporter-output>
          </reporter-output>
        </test-method> <!-- WrongPassword -->
        <test-method status="PASS" signature="exit()[pri:0, instance:testcases.Testcase_login6@17dd107]" name="exit" is-config="true" duration-ms="5287" started-at="2023-05-24T18:41:54 IST" finished-at="2023-05-24T18:42:00 IST">
          <reporter-output>
          </reporter-output>
        </test-method> <!-- exit -->
      </class> <!-- testcases.Testcase_login6 -->
      <class name="testcases.TestCase_search7">
        <test-method status="PASS" signature="setup()[pri:0, instance:testcases.TestCase_search7@ac3dc3]" name="setup" is-config="true" duration-ms="40165" started-at="2023-05-24T18:51:44 IST" finished-at="2023-05-24T18:52:24 IST">
          <reporter-output>
          </reporter-output>
        </test-method> <!-- setup -->
        <test-method status="FAIL" signature="validateNavigationBar()[pri:0, instance:testcases.TestCase_search7@ac3dc3]" name="validateNavigationBar" duration-ms="24676" started-at="2023-05-24T18:52:24 IST" finished-at="2023-05-24T18:52:49 IST">
          <exception class="java.lang.ClassCastException">
            <message>
              <![CDATA[com.sun.proxy.$Proxy16 cannot be cast to org.openqa.selenium.interactions.Actions]]>
            </message>
            <full-stacktrace>
              <![CDATA[java.lang.ClassCastException: com.sun.proxy.$Proxy16 cannot be cast to org.openqa.selenium.interactions.Actions
at pageobject.SearchPage.enterIndexnumber(SearchPage.java:200)
at testcases.TestCase_search7.validateNavigationBar(TestCase_search7.java:23)
at sun.reflect.NativeMethodAccessorImpl.invoke0(Native Method)
at sun.reflect.NativeMethodAccessorImpl.invoke(NativeMethodAccessorImpl.java:62)
at sun.reflect.DelegatingMethodAccessorImpl.invoke(DelegatingMethodAccessorImpl.java:43)
at java.lang.reflect.Method.invoke(Method.java:498)
at org.testng.internal.MethodInvocationHelper.invokeMethod(MethodInvocationHelper.java:133)
at org.testng.internal.TestInvoker.invokeMethod(TestInvoker.java:598)
at org.testng.internal.TestInvoker.invokeTestMethod(TestInvoker.java:173)
at org.testng.internal.MethodRunner.runInSequence(MethodRunner.java:46)
at org.testng.internal.TestInvoker$MethodInvocationAgent.invoke(TestInvoker.java:824)
at org.testng.internal.TestInvoker.invokeTestMethods(TestInvoker.java:146)
at org.testng.internal.TestMethodWorker.invokeTestMethods(TestMethodWorker.java:146)
at org.testng.internal.TestMethodWorker.run(TestMethodWorker.java:128)
at java.util.concurrent.ThreadPoolExecutor.runWorker(ThreadPoolExecutor.java:1149)
at java.util.concurrent.ThreadPoolExecutor$Worker.run(ThreadPoolExecutor.java:624)
at java.lang.Thread.run(Thread.java:748)
]]>
            </full-stacktrace>
          </exception> <!-- java.lang.ClassCastException -->
          <reporter-output>
          </reporter-output>
        </test-method> <!-- validateNavigationBar -->
        <test-method status="PASS" signature="exit()[pri:0, instance:testcases.TestCase_search7@ac3dc3]" name="exit" is-config="true" duration-ms="7206" started-at="2023-05-24T18:52:49 IST" finished-at="2023-05-24T18:52:56 IST">
          <reporter-output>
          </reporter-output>
        </test-method> <!-- exit -->
      </class> <!-- testcases.TestCase_search7 -->
      <class name="testcases.Testcase_menu2">
        <test-method status="PASS" signature="setup()[pri:0, instance:testcases.Testcase_menu2@1371b2d]" name="setup" is-config="true" duration-ms="24707" started-at="2023-05-24T19:03:40 IST" finished-at="2023-05-24T19:04:05 IST">
          <reporter-output>
          </reporter-output>
        </test-method> <!-- setup -->
        <test-method status="PASS" signature="validatingjava()[pri:0, instance:testcases.Testcase_menu2@1371b2d]" name="validatingjava" duration-ms="18881" started-at="2023-05-24T19:04:05 IST" finished-at="2023-05-24T19:04:24 IST">
          <reporter-output>
          </reporter-output>
        </test-method> <!-- validatingjava -->
        <test-method status="PASS" signature="exit()[pri:0, instance:testcases.Testcase_menu2@1371b2d]" name="exit" is-config="true" duration-ms="2482" started-at="2023-05-24T19:04:24 IST" finished-at="2023-05-24T19:04:26 IST">
          <reporter-output>
          </reporter-output>
        </test-method> <!-- exit -->
      </class> <!-- testcases.Testcase_menu2 -->
      <class name="testcases.Testcase_menu4">
        <test-method status="PASS" signature="setup()[pri:0, instance:testcases.Testcase_menu4@1eb8acf]" name="setup" is-config="true" duration-ms="18144" started-at="2023-05-24T19:03:03 IST" finished-at="2023-05-24T19:03:21 IST">
          <reporter-output>
          </reporter-output>
        </test-method> <!-- setup -->
        <test-method status="PASS" signature="validatingdatabase()[pri:0, instance:testcases.Testcase_menu4@1eb8acf]" name="validatingdatabase" duration-ms="18661" started-at="2023-05-24T19:03:21 IST" finished-at="2023-05-24T19:03:40 IST">
          <reporter-output>
          </reporter-output>
        </test-method> <!-- validatingdatabase -->
        <test-method status="PASS" signature="exit()[pri:0, instance:testcases.Testcase_menu4@1eb8acf]" name="exit" is-config="true" duration-ms="545" started-at="2023-05-24T19:03:40 IST" finished-at="2023-05-24T19:03:40 IST">
          <reporter-output>
          </reporter-output>
        </test-method> <!-- exit -->
      </class> <!-- testcases.Testcase_menu4 -->
      <class name="testcases.TestCase_search3">
        <test-method status="PASS" signature="setup()[pri:0, instance:testcases.TestCase_search3@b0ed20]" name="setup" is-config="true" duration-ms="34044" started-at="2023-05-24T18:35:15 IST" finished-at="2023-05-24T18:35:49 IST">
          <reporter-output>
          </reporter-output>
        </test-method> <!-- setup -->
        <test-method status="PASS" signature="SearchwithMobile()[pri:0, instance:testcases.TestCase_search3@b0ed20]" name="SearchwithMobile" duration-ms="44928" started-at="2023-05-24T18:35:49 IST" finished-at="2023-05-24T18:36:34 IST">
          <reporter-output>
          </reporter-output>
        </test-method> <!-- SearchwithMobile -->
        <test-method status="PASS" signature="exit()[pri:0, instance:testcases.TestCase_search3@b0ed20]" name="exit" is-config="true" duration-ms="2388" started-at="2023-05-24T18:36:34 IST" finished-at="2023-05-24T18:36:37 IST">
          <reporter-output>
          </reporter-output>
        </test-method> <!-- exit -->
      </class> <!-- testcases.TestCase_search3 -->
      <class name="testcases.Testcase_menu3">
        <test-method status="PASS" signature="setup()[pri:0, instance:testcases.Testcase_menu3@3c6f6d]" name="setup" is-config="true" duration-ms="24732" started-at="2023-05-24T19:03:40 IST" finished-at="2023-05-24T19:04:05 IST">
          <reporter-output>
          </reporter-output>
        </test-method> <!-- setup -->
        <test-method status="PASS" signature="validatingdotnet()[pri:0, instance:testcases.Testcase_menu3@3c6f6d]" name="validatingdotnet" duration-ms="18885" started-at="2023-05-24T19:04:05 IST" finished-at="2023-05-24T19:04:24 IST">
          <reporter-output>
          </reporter-output>
        </test-method> <!-- validatingdotnet -->
        <test-method status="PASS" signature="exit()[pri:0, instance:testcases.Testcase_menu3@3c6f6d]" name="exit" is-config="true" duration-ms="1678" started-at="2023-05-24T19:04:24 IST" finished-at="2023-05-24T19:04:26 IST">
          <reporter-output>
          </reporter-output>
        </test-method> <!-- exit -->
      </class> <!-- testcases.Testcase_menu3 -->
      <class name="testcases.TestCase_search2">
        <test-method status="PASS" signature="setup()[pri:0, instance:testcases.TestCase_search2@91e32e]" name="setup" is-config="true" duration-ms="22723" started-at="2023-05-24T18:35:38 IST" finished-at="2023-05-24T18:36:00 IST">
          <reporter-output>
          </reporter-output>
        </test-method> <!-- setup -->
        <test-method status="PASS" signature="SearchwithoutExistName()[pri:0, instance:testcases.TestCase_search2@91e32e]" name="SearchwithoutExistName" duration-ms="30732" started-at="2023-05-24T18:36:00 IST" finished-at="2023-05-24T18:36:31 IST">
          <reporter-output>
          </reporter-output>
        </test-method> <!-- SearchwithoutExistName -->
        <test-method status="PASS" signature="exit()[pri:0, instance:testcases.TestCase_search2@91e32e]" name="exit" is-config="true" duration-ms="1566" started-at="2023-05-24T18:36:31 IST" finished-at="2023-05-24T18:36:33 IST">
          <reporter-output>
          </reporter-output>
        </test-method> <!-- exit -->
      </class> <!-- testcases.TestCase_search2 -->
      <class name="testcases.TestCase_search1">
        <test-method status="PASS" signature="setup()[pri:0, instance:testcases.TestCase_search1@13a3d88]" name="setup" is-config="true" duration-ms="67427" started-at="2023-05-24T18:33:32 IST" finished-at="2023-05-24T18:34:40 IST">
          <reporter-output>
          </reporter-output>
        </test-method> <!-- setup -->
        <test-method status="PASS" signature="Searchname()[pri:0, instance:testcases.TestCase_search1@13a3d88]" name="Searchname" duration-ms="33692" started-at="2023-05-24T18:34:40 IST" finished-at="2023-05-24T18:35:13 IST">
          <reporter-output>
          </reporter-output>
        </test-method> <!-- Searchname -->
        <test-method status="PASS" signature="exit()[pri:0, instance:testcases.TestCase_search1@13a3d88]" name="exit" is-config="true" duration-ms="1311" started-at="2023-05-24T18:35:14 IST" finished-at="2023-05-24T18:35:15 IST">
          <reporter-output>
          </reporter-output>
        </test-method> <!-- exit -->
      </class> <!-- testcases.TestCase_search1 -->
      <class name="testcases.Testcase_menu6">
        <test-method status="PASS" signature="setup()[pri:0, instance:testcases.Testcase_menu6@3c468]" name="setup" is-config="true" duration-ms="52243" started-at="2023-05-24T19:00:19 IST" finished-at="2023-05-24T19:01:11 IST">
          <reporter-output>
          </reporter-output>
        </test-method> <!-- setup -->
        <test-method status="FAIL" signature="validatingTestSubmenu1()[pri:0, instance:testcases.Testcase_menu6@3c468]" name="validatingTestSubmenu1" duration-ms="40909" started-at="2023-05-24T19:01:11 IST" finished-at="2023-05-24T19:01:52 IST">
          <exception class="org.openqa.selenium.ElementNotInteractableException">
            <message>
              <![CDATA[element not interactable: https://magnus.jalatechnologies.com/Home/Menu# has no size and location
  (Session info: chrome=109.0.5414.120)
Build info: version: '4.7.2', revision: '4d4020c3b7'
System info: os.name: 'Windows 7', os.arch: 'x86', os.version: '6.1', java.version: '1.8.0_211'
Driver info: org.openqa.selenium.chrome.ChromeDriver
Command: [27c438a6cb566e348e0fd9846e3afca1, actions {actions=[org.openqa.selenium.interactions.Sequence@190462]}]
Capabilities {acceptInsecureCerts: false, browserName: chrome, browserVersion: 109.0.5414.120, chrome: {chromedriverVersion: 109.0.5414.74 (e7c5703604da..., userDataDir: C:\Users\ritzz\AppData\Loca...}, goog:chromeOptions: {debuggerAddress: localhost:52094}, networkConnectionEnabled: false, pageLoadStrategy: normal, platformName: WINDOWS, proxy: Proxy(), se:cdp: ws://localhost:52094/devtoo..., se:cdpVersion: 109.0.5414.120, setWindowRect: true, strictFileInteractability: false, timeouts: {implicit: 0, pageLoad: 300000, script: 30000}, unhandledPromptBehavior: dismiss and notify, webauthn:extension:credBlob: true, webauthn:extension:largeBlob: true, webauthn:virtualAuthenticators: true}
Session ID: 27c438a6cb566e348e0fd9846e3afca1]]>
            </message>
            <full-stacktrace>
              <![CDATA[org.openqa.selenium.ElementNotInteractableException: element not interactable: https://magnus.jalatechnologies.com/Home/Menu# has no size and location
  (Session info: chrome=109.0.5414.120)
Build info: version: '4.7.2', revision: '4d4020c3b7'
System info: os.name: 'Windows 7', os.arch: 'x86', os.version: '6.1', java.version: '1.8.0_211'
Driver info: org.openqa.selenium.chrome.ChromeDriver
Command: [27c438a6cb566e348e0fd9846e3afca1, actions {actions=[org.openqa.selenium.interactions.Sequence@190462]}]
Capabilities {acceptInsecureCerts: false, browserName: chrome, browserVersion: 109.0.5414.120, chrome: {chromedriverVersion: 109.0.5414.74 (e7c5703604da..., userDataDir: C:\Users\ritzz\AppData\Loca...}, goog:chromeOptions: {debuggerAddress: localhost:52094}, networkConnectionEnabled: false, pageLoadStrategy: normal, platformName: WINDOWS, proxy: Proxy(), se:cdp: ws://localhost:52094/devtoo..., se:cdpVersion: 109.0.5414.120, setWindowRect: true, strictFileInteractability: false, timeouts: {implicit: 0, pageLoad: 300000, script: 30000}, unhandledPromptBehavior: dismiss and notify, webauthn:extension:credBlob: true, webauthn:extension:largeBlob: true, webauthn:virtualAuthenticators: true}
Session ID: 27c438a6cb566e348e0fd9846e3afca1
at sun.reflect.NativeConstructorAccessorImpl.newInstance0(Native Method)
at sun.reflect.NativeConstructorAccessorImpl.newInstance(NativeConstructorAccessorImpl.java:62)
at sun.reflect.DelegatingConstructorAccessorImpl.newInstance(DelegatingConstructorAccessorImpl.java:45)
at java.lang.reflect.Constructor.newInstance(Constructor.java:423)
at org.openqa.selenium.remote.codec.w3c.W3CHttpResponseCodec.createException(W3CHttpResponseCodec.java:200)
at org.openqa.selenium.remote.codec.w3c.W3CHttpResponseCodec.decode(W3CHttpResponseCodec.java:133)
at org.openqa.selenium.remote.codec.w3c.W3CHttpResponseCodec.decode(W3CHttpResponseCodec.java:53)
at org.openqa.selenium.remote.HttpCommandExecutor.execute(HttpCommandExecutor.java:184)
at org.openqa.selenium.remote.service.DriverCommandExecutor.invokeExecute(DriverCommandExecutor.java:167)
at org.openqa.selenium.remote.service.DriverCommandExecutor.execute(DriverCommandExecutor.java:142)
at org.openqa.selenium.remote.RemoteWebDriver.execute(RemoteWebDriver.java:535)
at org.openqa.selenium.remote.RemoteWebDriver.perform(RemoteWebDriver.java:603)
at org.openqa.selenium.interactions.Actions$BuiltAction.perform(Actions.java:567)
at pageobject.MenuPage.hiberjava(MenuPage.java:243)
at testcases.Testcase_menu6.validatingTestSubmenu1(Testcase_menu6.java:25)
at sun.reflect.NativeMethodAccessorImpl.invoke0(Native Method)
at sun.reflect.NativeMethodAccessorImpl.invoke(NativeMethodAccessorImpl.java:62)
at sun.reflect.DelegatingMethodAccessorImpl.invoke(DelegatingMethodAccessorImpl.java:43)
at java.lang.reflect.Method.invoke(Method.java:498)
at org.testng.internal.MethodInvocationHelper.invokeMethod(MethodInvocationHelper.java:133)
at org.testng.internal.TestInvoker.invokeMethod(TestInvoker.java:598)
at org.testng.internal.TestInvoker.invokeTestMethod(TestInvoker.java:173)
at org.testng.internal.MethodRunner.runInSequence(MethodRunner.java:46)
at org.testng.internal.TestInvoker$MethodInvocationAgent.invoke(TestInvoker.java:824)
at org.testng.internal.TestInvoker.invokeTestMethods(TestInvoker.java:146)
at org.testng.internal.TestMethodWorker.invokeTestMethods(TestMethodWorker.java:146)
at org.testng.internal.TestMethodWorker.run(TestMethodWorker.java:128)
at java.util.concurrent.ThreadPoolExecutor.runWorker(ThreadPoolExecutor.java:1149)
at java.util.concurrent.ThreadPoolExecutor$Worker.run(ThreadPoolExecutor.java:624)
at java.lang.Thread.run(Thread.java:748)
]]>
            </full-stacktrace>
          </exception> <!-- org.openqa.selenium.ElementNotInteractableException -->
          <reporter-output>
          </reporter-output>
        </test-method> <!-- validatingTestSubmenu1 -->
        <test-method status="PASS" signature="exit()[pri:0, instance:testcases.Testcase_menu6@3c468]" name="exit" is-config="true" duration-ms="3802" started-at="2023-05-24T19:01:52 IST" finished-at="2023-05-24T19:01:56 IST">
          <reporter-output>
          </reporter-output>
        </test-method> <!-- exit -->
      </class> <!-- testcases.Testcase_menu6 -->
      <class name="testcases.Testcase_menu5">
        <test-method status="PASS" signature="setup()[pri:0, instance:testcases.Testcase_menu5@1c8530f]" name="setup" is-config="true" duration-ms="40734" started-at="2023-05-24T18:58:51 IST" finished-at="2023-05-24T18:59:32 IST">
          <reporter-output>
          </reporter-output>
        </test-method> <!-- setup -->
        <test-method status="FAIL" signature="validatingTestSubmenu()[pri:0, instance:testcases.Testcase_menu5@1c8530f]" name="validatingTestSubmenu" duration-ms="31320" started-at="2023-05-24T18:59:32 IST" finished-at="2023-05-24T19:00:03 IST">
          <exception class="org.openqa.selenium.ElementNotInteractableException">
            <message>
              <![CDATA[element not interactable: https://magnus.jalatechnologies.com/Home/Menu# has no size and location
  (Session info: chrome=109.0.5414.120)
Build info: version: '4.7.2', revision: '4d4020c3b7'
System info: os.name: 'Windows 7', os.arch: 'x86', os.version: '6.1', java.version: '1.8.0_211'
Driver info: org.openqa.selenium.chrome.ChromeDriver
Command: [7ba973d430aaa8cc5bdb0baa7b9f7b1e, actions {actions=[org.openqa.selenium.interactions.Sequence@1801cec]}]
Capabilities {acceptInsecureCerts: false, browserName: chrome, browserVersion: 109.0.5414.120, chrome: {chromedriverVersion: 109.0.5414.74 (e7c5703604da..., userDataDir: C:\Users\ritzz\AppData\Loca...}, goog:chromeOptions: {debuggerAddress: localhost:51995}, networkConnectionEnabled: false, pageLoadStrategy: normal, platformName: WINDOWS, proxy: Proxy(), se:cdp: ws://localhost:51995/devtoo..., se:cdpVersion: 109.0.5414.120, setWindowRect: true, strictFileInteractability: false, timeouts: {implicit: 0, pageLoad: 300000, script: 30000}, unhandledPromptBehavior: dismiss and notify, webauthn:extension:credBlob: true, webauthn:extension:largeBlob: true, webauthn:virtualAuthenticators: true}
Session ID: 7ba973d430aaa8cc5bdb0baa7b9f7b1e]]>
            </message>
            <full-stacktrace>
              <![CDATA[org.openqa.selenium.ElementNotInteractableException: element not interactable: https://magnus.jalatechnologies.com/Home/Menu# has no size and location
  (Session info: chrome=109.0.5414.120)
Build info: version: '4.7.2', revision: '4d4020c3b7'
System info: os.name: 'Windows 7', os.arch: 'x86', os.version: '6.1', java.version: '1.8.0_211'
Driver info: org.openqa.selenium.chrome.ChromeDriver
Command: [7ba973d430aaa8cc5bdb0baa7b9f7b1e, actions {actions=[org.openqa.selenium.interactions.Sequence@1801cec]}]
Capabilities {acceptInsecureCerts: false, browserName: chrome, browserVersion: 109.0.5414.120, chrome: {chromedriverVersion: 109.0.5414.74 (e7c5703604da..., userDataDir: C:\Users\ritzz\AppData\Loca...}, goog:chromeOptions: {debuggerAddress: localhost:51995}, networkConnectionEnabled: false, pageLoadStrategy: normal, platformName: WINDOWS, proxy: Proxy(), se:cdp: ws://localhost:51995/devtoo..., se:cdpVersion: 109.0.5414.120, setWindowRect: true, strictFileInteractability: false, timeouts: {implicit: 0, pageLoad: 300000, script: 30000}, unhandledPromptBehavior: dismiss and notify, webauthn:extension:credBlob: true, webauthn:extension:largeBlob: true, webauthn:virtualAuthenticators: true}
Session ID: 7ba973d430aaa8cc5bdb0baa7b9f7b1e
at sun.reflect.NativeConstructorAccessorImpl.newInstance0(Native Method)
at sun.reflect.NativeConstructorAccessorImpl.newInstance(NativeConstructorAccessorImpl.java:62)
at sun.reflect.DelegatingConstructorAccessorImpl.newInstance(DelegatingConstructorAccessorImpl.java:45)
at java.lang.reflect.Constructor.newInstance(Constructor.java:423)
at org.openqa.selenium.remote.codec.w3c.W3CHttpResponseCodec.createException(W3CHttpResponseCodec.java:200)
at org.openqa.selenium.remote.codec.w3c.W3CHttpResponseCodec.decode(W3CHttpResponseCodec.java:133)
at org.openqa.selenium.remote.codec.w3c.W3CHttpResponseCodec.decode(W3CHttpResponseCodec.java:53)
at org.openqa.selenium.remote.HttpCommandExecutor.execute(HttpCommandExecutor.java:184)
at org.openqa.selenium.remote.service.DriverCommandExecutor.invokeExecute(DriverCommandExecutor.java:167)
at org.openqa.selenium.remote.service.DriverCommandExecutor.execute(DriverCommandExecutor.java:142)
at org.openqa.selenium.remote.RemoteWebDriver.execute(RemoteWebDriver.java:535)
at org.openqa.selenium.remote.RemoteWebDriver.perform(RemoteWebDriver.java:603)
at org.openqa.selenium.interactions.Actions$BuiltAction.perform(Actions.java:567)
at pageobject.MenuPage.submanual(MenuPage.java:182)
at testcases.Testcase_menu5.validatingTestSubmenu(Testcase_menu5.java:35)
at sun.reflect.NativeMethodAccessorImpl.invoke0(Native Method)
at sun.reflect.NativeMethodAccessorImpl.invoke(NativeMethodAccessorImpl.java:62)
at sun.reflect.DelegatingMethodAccessorImpl.invoke(DelegatingMethodAccessorImpl.java:43)
at java.lang.reflect.Method.invoke(Method.java:498)
at org.testng.internal.MethodInvocationHelper.invokeMethod(MethodInvocationHelper.java:133)
at org.testng.internal.TestInvoker.invokeMethod(TestInvoker.java:598)
at org.testng.internal.TestInvoker.invokeTestMethod(TestInvoker.java:173)
at org.testng.internal.MethodRunner.runInSequence(MethodRunner.java:46)
at org.testng.internal.TestInvoker$MethodInvocationAgent.invoke(TestInvoker.java:824)
at org.testng.internal.TestInvoker.invokeTestMethods(TestInvoker.java:146)
at org.testng.internal.TestMethodWorker.invokeTestMethods(TestMethodWorker.java:146)
at org.testng.internal.TestMethodWorker.run(TestMethodWorker.java:128)
at java.util.concurrent.ThreadPoolExecutor.runWorker(ThreadPoolExecutor.java:1149)
at java.util.concurrent.ThreadPoolExecutor$Worker.run(ThreadPoolExecutor.java:624)
at java.lang.Thread.run(Thread.java:748)
]]>
            </full-stacktrace>
          </exception> <!-- org.openqa.selenium.ElementNotInteractableException -->
          <reporter-output>
          </reporter-output>
        </test-method> <!-- validatingTestSubmenu -->
        <test-method status="PASS" signature="exit()[pri:0, instance:testcases.Testcase_menu5@1c8530f]" name="exit" is-config="true" duration-ms="7554" started-at="2023-05-24T19:00:04 IST" finished-at="2023-05-24T19:00:11 IST">
          <reporter-output>
          </reporter-output>
        </test-method> <!-- exit -->
      </class> <!-- testcases.Testcase_menu5 -->
      <class name="testcases.Testcase_menu8">
        <test-method status="PASS" signature="setup()[pri:0, instance:testcases.Testcase_menu8@1c2b765]" name="setup" is-config="true" duration-ms="29801" started-at="2023-05-24T19:01:56 IST" finished-at="2023-05-24T19:02:26 IST">
          <reporter-output>
          </reporter-output>
        </test-method> <!-- setup -->
        <test-method status="FAIL" signature="validatingTestSubmenu2()[pri:0, instance:testcases.Testcase_menu8@1c2b765]" name="validatingTestSubmenu2" duration-ms="35568" started-at="2023-05-24T19:02:26 IST" finished-at="2023-05-24T19:03:01 IST">
          <exception class="org.openqa.selenium.ElementNotInteractableException">
            <message>
              <![CDATA[element not interactable: https://magnus.jalatechnologies.com/Home/Menu# has no size and location
  (Session info: chrome=109.0.5414.120)
Build info: version: '4.7.2', revision: '4d4020c3b7'
System info: os.name: 'Windows 7', os.arch: 'x86', os.version: '6.1', java.version: '1.8.0_211'
Driver info: org.openqa.selenium.chrome.ChromeDriver
Command: [4736b34cd69fc88c02d0bd09738f1ca9, actions {actions=[org.openqa.selenium.interactions.Sequence@1e55b39]}]
Capabilities {acceptInsecureCerts: false, browserName: chrome, browserVersion: 109.0.5414.120, chrome: {chromedriverVersion: 109.0.5414.74 (e7c5703604da..., userDataDir: C:\Users\ritzz\AppData\Loca...}, goog:chromeOptions: {debuggerAddress: localhost:52188}, networkConnectionEnabled: false, pageLoadStrategy: normal, platformName: WINDOWS, proxy: Proxy(), se:cdp: ws://localhost:52188/devtoo..., se:cdpVersion: 109.0.5414.120, setWindowRect: true, strictFileInteractability: false, timeouts: {implicit: 0, pageLoad: 300000, script: 30000}, unhandledPromptBehavior: dismiss and notify, webauthn:extension:credBlob: true, webauthn:extension:largeBlob: true, webauthn:virtualAuthenticators: true}
Session ID: 4736b34cd69fc88c02d0bd09738f1ca9]]>
            </message>
            <full-stacktrace>
              <![CDATA[org.openqa.selenium.ElementNotInteractableException: element not interactable: https://magnus.jalatechnologies.com/Home/Menu# has no size and location
  (Session info: chrome=109.0.5414.120)
Build info: version: '4.7.2', revision: '4d4020c3b7'
System info: os.name: 'Windows 7', os.arch: 'x86', os.version: '6.1', java.version: '1.8.0_211'
Driver info: org.openqa.selenium.chrome.ChromeDriver
Command: [4736b34cd69fc88c02d0bd09738f1ca9, actions {actions=[org.openqa.selenium.interactions.Sequence@1e55b39]}]
Capabilities {acceptInsecureCerts: false, browserName: chrome, browserVersion: 109.0.5414.120, chrome: {chromedriverVersion: 109.0.5414.74 (e7c5703604da..., userDataDir: C:\Users\ritzz\AppData\Loca...}, goog:chromeOptions: {debuggerAddress: localhost:52188}, networkConnectionEnabled: false, pageLoadStrategy: normal, platformName: WINDOWS, proxy: Proxy(), se:cdp: ws://localhost:52188/devtoo..., se:cdpVersion: 109.0.5414.120, setWindowRect: true, strictFileInteractability: false, timeouts: {implicit: 0, pageLoad: 300000, script: 30000}, unhandledPromptBehavior: dismiss and notify, webauthn:extension:credBlob: true, webauthn:extension:largeBlob: true, webauthn:virtualAuthenticators: true}
Session ID: 4736b34cd69fc88c02d0bd09738f1ca9
at sun.reflect.NativeConstructorAccessorImpl.newInstance0(Native Method)
at sun.reflect.NativeConstructorAccessorImpl.newInstance(NativeConstructorAccessorImpl.java:62)
at sun.reflect.DelegatingConstructorAccessorImpl.newInstance(DelegatingConstructorAccessorImpl.java:45)
at java.lang.reflect.Constructor.newInstance(Constructor.java:423)
at org.openqa.selenium.remote.codec.w3c.W3CHttpResponseCodec.createException(W3CHttpResponseCodec.java:200)
at org.openqa.selenium.remote.codec.w3c.W3CHttpResponseCodec.decode(W3CHttpResponseCodec.java:133)
at org.openqa.selenium.remote.codec.w3c.W3CHttpResponseCodec.decode(W3CHttpResponseCodec.java:53)
at org.openqa.selenium.remote.HttpCommandExecutor.execute(HttpCommandExecutor.java:184)
at org.openqa.selenium.remote.service.DriverCommandExecutor.invokeExecute(DriverCommandExecutor.java:167)
at org.openqa.selenium.remote.service.DriverCommandExecutor.execute(DriverCommandExecutor.java:142)
at org.openqa.selenium.remote.RemoteWebDriver.execute(RemoteWebDriver.java:535)
at org.openqa.selenium.remote.RemoteWebDriver.perform(RemoteWebDriver.java:603)
at org.openqa.selenium.interactions.Actions$BuiltAction.perform(Actions.java:567)
at pageobject.MenuPage.oracle(MenuPage.java:340)
at testcases.Testcase_menu8.validatingTestSubmenu2(Testcase_menu8.java:48)
at sun.reflect.NativeMethodAccessorImpl.invoke0(Native Method)
at sun.reflect.NativeMethodAccessorImpl.invoke(NativeMethodAccessorImpl.java:62)
at sun.reflect.DelegatingMethodAccessorImpl.invoke(DelegatingMethodAccessorImpl.java:43)
at java.lang.reflect.Method.invoke(Method.java:498)
at org.testng.internal.MethodInvocationHelper.invokeMethod(MethodInvocationHelper.java:133)
at org.testng.internal.TestInvoker.invokeMethod(TestInvoker.java:598)
at org.testng.internal.TestInvoker.invokeTestMethod(TestInvoker.java:173)
at org.testng.internal.MethodRunner.runInSequence(MethodRunner.java:46)
at org.testng.internal.TestInvoker$MethodInvocationAgent.invoke(TestInvoker.java:824)
at org.testng.internal.TestInvoker.invokeTestMethods(TestInvoker.java:146)
at org.testng.internal.TestMethodWorker.invokeTestMethods(TestMethodWorker.java:146)
at org.testng.internal.TestMethodWorker.run(TestMethodWorker.java:128)
at java.util.concurrent.ThreadPoolExecutor.runWorker(ThreadPoolExecutor.java:1149)
at java.util.concurrent.ThreadPoolExecutor$Worker.run(ThreadPoolExecutor.java:624)
at java.lang.Thread.run(Thread.java:748)
]]>
            </full-stacktrace>
          </exception> <!-- org.openqa.selenium.ElementNotInteractableException -->
          <reporter-output>
          </reporter-output>
        </test-method> <!-- validatingTestSubmenu2 -->
        <test-method status="PASS" signature="exit()[pri:0, instance:testcases.Testcase_menu8@1c2b765]" name="exit" is-config="true" duration-ms="1266" started-at="2023-05-24T19:03:02 IST" finished-at="2023-05-24T19:03:03 IST">
          <reporter-output>
          </reporter-output>
        </test-method> <!-- exit -->
      </class> <!-- testcases.Testcase_menu8 -->
      <class name="testcases.Testcase_menu9">
        <test-method status="PASS" signature="setup()[pri:0, instance:testcases.Testcase_menu9@81cdd1]" name="setup" is-config="true" duration-ms="30221" started-at="2023-05-24T18:48:05 IST" finished-at="2023-05-24T18:48:35 IST">
          <reporter-output>
          </reporter-output>
        </test-method> <!-- setup -->
        <test-method status="PASS" signature="validateAllLinksmenupage()[pri:0, instance:testcases.Testcase_menu9@81cdd1]" name="validateAllLinksmenupage" duration-ms="35763" started-at="2023-05-24T18:48:35 IST" finished-at="2023-05-24T18:49:11 IST">
          <reporter-output>
          </reporter-output>
        </test-method> <!-- validateAllLinksmenupage -->
        <test-method status="PASS" signature="exit()[pri:0, instance:testcases.Testcase_menu9@81cdd1]" name="exit" is-config="true" duration-ms="4375" started-at="2023-05-24T18:49:11 IST" finished-at="2023-05-24T18:49:15 IST">
          <reporter-output>
          </reporter-output>
        </test-method> <!-- exit -->
      </class> <!-- testcases.Testcase_menu9 -->
      <class name="testcases.Testcase_frame1">
        <test-method status="PASS" signature="setup()[pri:0, instance:testcases.Testcase_frame1@eeefeb]" name="setup" is-config="true" duration-ms="32847" started-at="2023-05-24T18:56:10 IST" finished-at="2023-05-24T18:56:43 IST">
          <reporter-output>
          </reporter-output>
        </test-method> <!-- setup -->
        <test-method status="FAIL" signature="validateiframe()[pri:0, instance:testcases.Testcase_frame1@eeefeb]" name="validateiframe" duration-ms="27327" started-at="2023-05-24T18:56:43 IST" finished-at="2023-05-24T18:57:11 IST">
          <exception class="org.openqa.selenium.NoSuchWindowException">
            <message>
              <![CDATA[no such window: target window already closed
from unknown error: web view not found
  (Session info: chrome=109.0.5414.120)
Build info: version: '4.7.2', revision: '4d4020c3b7'
System info: os.name: 'Windows 7', os.arch: 'x86', os.version: '6.1', java.version: '1.8.0_211'
Driver info: org.openqa.selenium.chrome.ChromeDriver
Command: [43d5d7c81b7fcfe7fcc14fb248ce3914, getCurrentWindowHandle {}]
Capabilities {acceptInsecureCerts: false, browserName: chrome, browserVersion: 109.0.5414.120, chrome: {chromedriverVersion: 109.0.5414.74 (e7c5703604da..., userDataDir: C:\Users\ritzz\AppData\Loca...}, goog:chromeOptions: {debuggerAddress: localhost:51813}, networkConnectionEnabled: false, pageLoadStrategy: normal, platformName: WINDOWS, proxy: Proxy(), se:cdp: ws://localhost:51813/devtoo..., se:cdpVersion: 109.0.5414.120, setWindowRect: true, strictFileInteractability: false, timeouts: {implicit: 0, pageLoad: 300000, script: 30000}, unhandledPromptBehavior: dismiss and notify, webauthn:extension:credBlob: true, webauthn:extension:largeBlob: true, webauthn:virtualAuthenticators: true}
Session ID: 43d5d7c81b7fcfe7fcc14fb248ce3914]]>
            </message>
            <full-stacktrace>
              <![CDATA[org.openqa.selenium.NoSuchWindowException: no such window: target window already closed
from unknown error: web view not found
  (Session info: chrome=109.0.5414.120)
Build info: version: '4.7.2', revision: '4d4020c3b7'
System info: os.name: 'Windows 7', os.arch: 'x86', os.version: '6.1', java.version: '1.8.0_211'
Driver info: org.openqa.selenium.chrome.ChromeDriver
Command: [43d5d7c81b7fcfe7fcc14fb248ce3914, getCurrentWindowHandle {}]
Capabilities {acceptInsecureCerts: false, browserName: chrome, browserVersion: 109.0.5414.120, chrome: {chromedriverVersion: 109.0.5414.74 (e7c5703604da..., userDataDir: C:\Users\ritzz\AppData\Loca...}, goog:chromeOptions: {debuggerAddress: localhost:51813}, networkConnectionEnabled: false, pageLoadStrategy: normal, platformName: WINDOWS, proxy: Proxy(), se:cdp: ws://localhost:51813/devtoo..., se:cdpVersion: 109.0.5414.120, setWindowRect: true, strictFileInteractability: false, timeouts: {implicit: 0, pageLoad: 300000, script: 30000}, unhandledPromptBehavior: dismiss and notify, webauthn:extension:credBlob: true, webauthn:extension:largeBlob: true, webauthn:virtualAuthenticators: true}
Session ID: 43d5d7c81b7fcfe7fcc14fb248ce3914
at sun.reflect.NativeConstructorAccessorImpl.newInstance0(Native Method)
at sun.reflect.NativeConstructorAccessorImpl.newInstance(NativeConstructorAccessorImpl.java:62)
at sun.reflect.DelegatingConstructorAccessorImpl.newInstance(DelegatingConstructorAccessorImpl.java:45)
at java.lang.reflect.Constructor.newInstance(Constructor.java:423)
at org.openqa.selenium.remote.codec.w3c.W3CHttpResponseCodec.createException(W3CHttpResponseCodec.java:200)
at org.openqa.selenium.remote.codec.w3c.W3CHttpResponseCodec.decode(W3CHttpResponseCodec.java:133)
at org.openqa.selenium.remote.codec.w3c.W3CHttpResponseCodec.decode(W3CHttpResponseCodec.java:53)
at org.openqa.selenium.remote.HttpCommandExecutor.execute(HttpCommandExecutor.java:184)
at org.openqa.selenium.remote.service.DriverCommandExecutor.invokeExecute(DriverCommandExecutor.java:167)
at org.openqa.selenium.remote.service.DriverCommandExecutor.execute(DriverCommandExecutor.java:142)
at org.openqa.selenium.remote.RemoteWebDriver.execute(RemoteWebDriver.java:535)
at org.openqa.selenium.remote.RemoteWebDriver.execute(RemoteWebDriver.java:590)
at org.openqa.selenium.remote.RemoteWebDriver.execute(RemoteWebDriver.java:594)
at org.openqa.selenium.remote.RemoteWebDriver.getWindowHandle(RemoteWebDriver.java:459)
at pageobject.IFramesPage.frame(IFramesPage.java:114)
at testcases.Testcase_frame1.validateiframe(Testcase_frame1.java:24)
at sun.reflect.NativeMethodAccessorImpl.invoke0(Native Method)
at sun.reflect.NativeMethodAccessorImpl.invoke(NativeMethodAccessorImpl.java:62)
at sun.reflect.DelegatingMethodAccessorImpl.invoke(DelegatingMethodAccessorImpl.java:43)
at java.lang.reflect.Method.invoke(Method.java:498)
at org.testng.internal.MethodInvocationHelper.invokeMethod(MethodInvocationHelper.java:133)
at org.testng.internal.TestInvoker.invokeMethod(TestInvoker.java:598)
at org.testng.internal.TestInvoker.invokeTestMethod(TestInvoker.java:173)
at org.testng.internal.MethodRunner.runInSequence(MethodRunner.java:46)
at org.testng.internal.TestInvoker$MethodInvocationAgent.invoke(TestInvoker.java:824)
at org.testng.internal.TestInvoker.invokeTestMethods(TestInvoker.java:146)
at org.testng.internal.TestMethodWorker.invokeTestMethods(TestMethodWorker.java:146)
at org.testng.internal.TestMethodWorker.run(TestMethodWorker.java:128)
at java.util.concurrent.ThreadPoolExecutor.runWorker(ThreadPoolExecutor.java:1149)
at java.util.concurrent.ThreadPoolExecutor$Worker.run(ThreadPoolExecutor.java:624)
at java.lang.Thread.run(Thread.java:748)
]]>
            </full-stacktrace>
          </exception> <!-- org.openqa.selenium.NoSuchWindowException -->
          <reporter-output>
          </reporter-output>
        </test-method> <!-- validateiframe -->
        <test-method status="FAIL" signature="exit()[pri:0, instance:testcases.Testcase_frame1@eeefeb]" name="exit" is-config="true" duration-ms="8017" started-at="2023-05-24T18:57:11 IST" finished-at="2023-05-24T18:57:19 IST">
          <exception class="org.openqa.selenium.WebDriverException">
            <message>
              <![CDATA[disconnected: unable to connect to renderer
  (failed to check if window was closed: disconnected: unable to connect to renderer)
  (Session info: chrome=109.0.5414.120)
Build info: version: '4.7.2', revision: '4d4020c3b7'
System info: os.name: 'Windows 7', os.arch: 'x86', os.version: '6.1', java.version: '1.8.0_211'
Driver info: org.openqa.selenium.chrome.ChromeDriver
Command: [43d5d7c81b7fcfe7fcc14fb248ce3914, close {}]
Capabilities {acceptInsecureCerts: false, browserName: chrome, browserVersion: 109.0.5414.120, chrome: {chromedriverVersion: 109.0.5414.74 (e7c5703604da..., userDataDir: C:\Users\ritzz\AppData\Loca...}, goog:chromeOptions: {debuggerAddress: localhost:51813}, networkConnectionEnabled: false, pageLoadStrategy: normal, platformName: WINDOWS, proxy: Proxy(), se:cdp: ws://localhost:51813/devtoo..., se:cdpVersion: 109.0.5414.120, setWindowRect: true, strictFileInteractability: false, timeouts: {implicit: 0, pageLoad: 300000, script: 30000}, unhandledPromptBehavior: dismiss and notify, webauthn:extension:credBlob: true, webauthn:extension:largeBlob: true, webauthn:virtualAuthenticators: true}
Session ID: 43d5d7c81b7fcfe7fcc14fb248ce3914]]>
            </message>
            <full-stacktrace>
              <![CDATA[org.openqa.selenium.WebDriverException: disconnected: unable to connect to renderer
  (failed to check if window was closed: disconnected: unable to connect to renderer)
  (Session info: chrome=109.0.5414.120)
Build info: version: '4.7.2', revision: '4d4020c3b7'
System info: os.name: 'Windows 7', os.arch: 'x86', os.version: '6.1', java.version: '1.8.0_211'
Driver info: org.openqa.selenium.chrome.ChromeDriver
Command: [43d5d7c81b7fcfe7fcc14fb248ce3914, close {}]
Capabilities {acceptInsecureCerts: false, browserName: chrome, browserVersion: 109.0.5414.120, chrome: {chromedriverVersion: 109.0.5414.74 (e7c5703604da..., userDataDir: C:\Users\ritzz\AppData\Loca...}, goog:chromeOptions: {debuggerAddress: localhost:51813}, networkConnectionEnabled: false, pageLoadStrategy: normal, platformName: WINDOWS, proxy: Proxy(), se:cdp: ws://localhost:51813/devtoo..., se:cdpVersion: 109.0.5414.120, setWindowRect: true, strictFileInteractability: false, timeouts: {implicit: 0, pageLoad: 300000, script: 30000}, unhandledPromptBehavior: dismiss and notify, webauthn:extension:credBlob: true, webauthn:extension:largeBlob: true, webauthn:virtualAuthenticators: true}
Session ID: 43d5d7c81b7fcfe7fcc14fb248ce3914
at sun.reflect.NativeConstructorAccessorImpl.newInstance0(Native Method)
at sun.reflect.NativeConstructorAccessorImpl.newInstance(NativeConstructorAccessorImpl.java:62)
at sun.reflect.DelegatingConstructorAccessorImpl.newInstance(DelegatingConstructorAccessorImpl.java:45)
at java.lang.reflect.Constructor.newInstance(Constructor.java:423)
at org.openqa.selenium.remote.codec.w3c.W3CHttpResponseCodec.createException(W3CHttpResponseCodec.java:200)
at org.openqa.selenium.remote.codec.w3c.W3CHttpResponseCodec.decode(W3CHttpResponseCodec.java:133)
at org.openqa.selenium.remote.codec.w3c.W3CHttpResponseCodec.decode(W3CHttpResponseCodec.java:53)
at org.openqa.selenium.remote.HttpCommandExecutor.execute(HttpCommandExecutor.java:184)
at org.openqa.selenium.remote.service.DriverCommandExecutor.invokeExecute(DriverCommandExecutor.java:167)
at org.openqa.selenium.remote.service.DriverCommandExecutor.execute(DriverCommandExecutor.java:142)
at org.openqa.selenium.remote.RemoteWebDriver.execute(RemoteWebDriver.java:535)
at org.openqa.selenium.remote.RemoteWebDriver.execute(RemoteWebDriver.java:590)
at org.openqa.selenium.remote.RemoteWebDriver.execute(RemoteWebDriver.java:594)
at org.openqa.selenium.remote.RemoteWebDriver.close(RemoteWebDriver.java:418)
at testcases.Base.exit(Base.java:63)
at sun.reflect.GeneratedMethodAccessor7.invoke(Unknown Source)
at sun.reflect.DelegatingMethodAccessorImpl.invoke(DelegatingMethodAccessorImpl.java:43)
at java.lang.reflect.Method.invoke(Method.java:498)
at org.testng.internal.MethodInvocationHelper.invokeMethod(MethodInvocationHelper.java:133)
at org.testng.internal.MethodInvocationHelper.invokeMethodConsideringTimeout(MethodInvocationHelper.java:62)
at org.testng.internal.ConfigInvoker.invokeConfigurationMethod(ConfigInvoker.java:385)
at org.testng.internal.ConfigInvoker.invokeConfigurations(ConfigInvoker.java:321)
at org.testng.internal.TestMethodWorker.invokeAfterClassMethods(TestMethodWorker.java:217)
at org.testng.internal.TestMethodWorker.run(TestMethodWorker.java:130)
at java.util.concurrent.ThreadPoolExecutor.runWorker(ThreadPoolExecutor.java:1149)
at java.util.concurrent.ThreadPoolExecutor$Worker.run(ThreadPoolExecutor.java:624)
at java.lang.Thread.run(Thread.java:748)
]]>
            </full-stacktrace>
          </exception> <!-- org.openqa.selenium.WebDriverException -->
          <reporter-output>
          </reporter-output>
        </test-method> <!-- exit -->
      </class> <!-- testcases.Testcase_frame1 -->
      <class name="testcases.TestCase_collapse1">
        <test-method status="PASS" signature="setup()[pri:0, instance:testcases.TestCase_collapse1@1881071]" name="setup" is-config="true" duration-ms="20446" started-at="2023-05-24T18:42:45 IST" finished-at="2023-05-24T18:43:06 IST">
          <reporter-output>
          </reporter-output>
        </test-method> <!-- setup -->
        <test-method status="PASS" signature="collapseValidate()[pri:0, instance:testcases.TestCase_collapse1@1881071]" name="collapseValidate" duration-ms="35876" started-at="2023-05-24T18:43:06 IST" finished-at="2023-05-24T18:43:42 IST">
          <reporter-output>
          </reporter-output>
        </test-method> <!-- collapseValidate -->
        <test-method status="PASS" signature="exit()[pri:0, instance:testcases.TestCase_collapse1@1881071]" name="exit" is-config="true" duration-ms="3790" started-at="2023-05-24T18:43:42 IST" finished-at="2023-05-24T18:43:45 IST">
          <reporter-output>
          </reporter-output>
        </test-method> <!-- exit -->
      </class> <!-- testcases.TestCase_collapse1 -->
      <class name="testcases.TestCase_search8">
        <test-method status="PASS" signature="setup()[pri:0, instance:testcases.TestCase_search8@eebfca]" name="setup" is-config="true" duration-ms="20080" started-at="2023-05-24T18:49:10 IST" finished-at="2023-05-24T18:49:30 IST">
          <reporter-output>
          </reporter-output>
        </test-method> <!-- setup -->
        <test-method status="PASS" signature="validateAllLinkssearchpage()[pri:0, instance:testcases.TestCase_search8@eebfca]" name="validateAllLinkssearchpage" duration-ms="39472" started-at="2023-05-24T18:49:30 IST" finished-at="2023-05-24T18:50:10 IST">
          <reporter-output>
          </reporter-output>
        </test-method> <!-- validateAllLinkssearchpage -->
        <test-method status="PASS" signature="exit()[pri:0, instance:testcases.TestCase_search8@eebfca]" name="exit" is-config="true" duration-ms="4778" started-at="2023-05-24T18:50:10 IST" finished-at="2023-05-24T18:50:15 IST">
          <reporter-output>
          </reporter-output>
        </test-method> <!-- exit -->
      </class> <!-- testcases.TestCase_search8 -->
    </test> <!-- Test -->
  </suite> <!-- Suite -->
</testng-results>
